#
# A fatal error has been detected by the Java Runtime Environment:
#
#  EXCEPTION_ACCESS_VIOLATION (0xc0000005) at pc=0x00007ff96ac6885e, pid=1680, tid=820
#
# JRE version: OpenJDK Runtime Environment (11.0.10) (build 11.0.10+0-b96-7249189)
# Java VM: OpenJDK 64-Bit Server VM (11.0.10+0-b96-7249189, mixed mode, tiered, compressed oops, g1 gc, windows-amd64)
# Problematic frame:
# V  [jvm.dll+0x19885e]
#
# No core dump will be written. Minidumps are not enabled by default on client versions of Windows
#
# If you would like to submit a bug report, please visit:
#   https://bugreport.java.com/bugreport/crash.jsp
#

---------------  S U M M A R Y ------------

Command Line: --add-opens=java.base/java.util=ALL-UNNAMED --add-opens=java.base/java.lang=ALL-UNNAMED --add-opens=java.base/java.lang.invoke=ALL-UNNAMED --add-opens=java.base/java.util=ALL-UNNAMED --add-opens=java.prefs/java.util.prefs=ALL-UNNAMED --add-opens=java.prefs/java.util.prefs=ALL-UNNAMED --add-opens=java.base/java.nio.charset=ALL-UNNAMED --add-opens=java.base/java.net=ALL-UNNAMED --add-opens=java.base/java.util.concurrent.atomic=ALL-UNNAMED -Xmx2048m -Dfile.encoding=UTF-8 -Duser.country=PT -Duser.language=pt -Duser.variant org.gradle.launcher.daemon.bootstrap.GradleDaemon 7.0.2

Host: Intel(R) Xeon(R) CPU E3-1240 V2 @ 3.40GHz, 8 cores, 15G,  Windows 10 , 64 bit Build 19041 (10.0.19041.1202)
Time: Thu Jan 13 11:11:27 2022 Hora padrão de GMT elapsed time: 22.451509 seconds (0d 0h 0m 22s)

---------------  T H R E A D  ---------------

Current thread (0x000001e896ecf800):  JavaThread "C2 CompilerThread2" daemon [_thread_in_native, id=820, stack(0x0000003a51d00000,0x0000003a51e00000)]


Current CompileTask:
C2:  22451 13736   !   4       java.io.ObjectInputStream::readObject0 (671 bytes)

Stack: [0x0000003a51d00000,0x0000003a51e00000],  sp=0x0000003a51dfbc80,  free space=1007k
Native frames: (J=compiled Java code, j=interpreted, Vv=VM code, C=native code)
V  [jvm.dll+0x19885e]
V  [jvm.dll+0x197ebb]
V  [jvm.dll+0x1fb70e]
V  [jvm.dll+0x1fa7f4]
V  [jvm.dll+0x18354c]
V  [jvm.dll+0x208ee7]
V  [jvm.dll+0x207731]
V  [jvm.dll+0x6eb1cf]
V  [jvm.dll+0x6e3d45]
V  [jvm.dll+0x5ebe96]
C  [ucrtbase.dll+0x21bb2]
C  [KERNEL32.DLL+0x17034]
C  [ntdll.dll+0x52651]


siginfo: EXCEPTION_ACCESS_VIOLATION (0xc0000005), reading address 0x000001e8b2dba0d8


Register to memory mapping:

RIP=0x00007ff96ac6885e jvm.dll
RAX=0x000001e89ec99050 points into unknown readable memory: 0x0000000000000000 | 00 00 00 00 00 00 00 00
RBX=0x0000003a51dfc270 is pointing into the stack for thread: 0x000001e896ecf800
RCX=0x0000000000000002 is an unknown value
RDX=0x0000000014121060 is an unknown value
RSP=0x0000003a51dfbc80 is pointing into the stack for thread: 0x000001e896ecf800
RBP=0x00007ff96aad0000 jvm.dll
RSI=0x0000003a51dfc358 is pointing into the stack for thread: 0x000001e896ecf800
RDI=0x0000000000201ce7 is an unknown value
R8 =0x0000003a51dfbef0 is pointing into the stack for thread: 0x000001e896ecf800
R9 =0x0000003a51dfbca0 is pointing into the stack for thread: 0x000001e896ecf800
R10=0x0 is NULL
R11=0x000001e89ec99050 points into unknown readable memory: 0x0000000000000000 | 00 00 00 00 00 00 00 00
R12=0x00000000000003d8 is an unknown value
R13=0x0000000000000008 is an unknown value
R14=0x0 is NULL
R15=0x000001e893bdf880 points into unknown readable memory: 0x000001e89eab6040 | 40 60 ab 9e e8 01 00 00


Registers:
RAX=0x000001e89ec99050, RBX=0x0000003a51dfc270, RCX=0x0000000000000002, RDX=0x0000000014121060
RSP=0x0000003a51dfbc80, RBP=0x00007ff96aad0000, RSI=0x0000003a51dfc358, RDI=0x0000000000201ce7
R8 =0x0000003a51dfbef0, R9 =0x0000003a51dfbca0, R10=0x0000000000000000, R11=0x000001e89ec99050
R12=0x00000000000003d8, R13=0x0000000000000008, R14=0x0000000000000000, R15=0x000001e893bdf880
RIP=0x00007ff96ac6885e, EFLAGS=0x0000000000010206

Top of Stack: (sp=0x0000003a51dfbc80)
0x0000003a51dfbc80:   0000003a51dfc270 00007ff96aad0000
0x0000003a51dfbc90:   0000003a51dfc358 00000000001b6a20
0x0000003a51dfbca0:   00001cea00000000 000001e800000008
0x0000003a51dfbcb0:   000001e899b54200 000001e80000002e
0x0000003a51dfbcc0:   000001e8915725e0 000001e80000002e
0x0000003a51dfbcd0:   000001e89ebd7150 0000003a00000005
0x0000003a51dfbce0:   000001e897246db8 00007ff96abdfa31
0x0000003a51dfbcf0:   00000000001b6a20 00007ff96ae28676
0x0000003a51dfbd00:   0000000000000000 0000000000000000
0x0000003a51dfbd10:   0000000000000000 0000000000000000
0x0000003a51dfbd20:   000001e89318c5c8 000001e89318c500
0x0000003a51dfbd30:   00007ff96b2cca80 00007ff96b2cca90
0x0000003a51dfbd40:   0000000000000000 0000000000000000
0x0000003a51dfbd50:   0000000000000000 00007ff96b2cca90
0x0000003a51dfbd60:   000001e893bdf800 0000000000000001
0x0000003a51dfbd70:   0000000000000000 0000000000000000 

Instructions: (pc=0x00007ff96ac6885e)
0x00007ff96ac6875e:   d1 8a ff ff 48 81 c4 d8 00 00 00 41 5d 5d c3 cc
0x00007ff96ac6876e:   cc cc 48 8b c4 48 89 58 10 48 89 68 18 48 89 78
0x00007ff96ac6877e:   20 41 56 48 81 ec 80 01 00 00 0f 29 70 e8 4c 8d
0x00007ff96ac6878e:   05 dd 67 87 00 0f 29 78 d8 48 8d 15 f2 42 66 00
0x00007ff96ac6879e:   44 0f 29 40 c8 48 8b d9 44 0f 29 48 b8 48 8d 88
0x00007ff96ac687ae:   08 ff ff ff 44 0f 29 50 a8 44 0f 29 58 98 44 0f
0x00007ff96ac687be:   29 60 88 44 0f 29 a8 78 ff ff ff 44 0f 29 b0 68
0x00007ff96ac687ce:   ff ff ff e8 8a 28 06 00 f2 44 0f 10 25 29 43 66
0x00007ff96ac687de:   00 48 8d 2d 1a 78 e6 ff f2 44 0f 10 2d f1 42 66
0x00007ff96ac687ee:   00 45 33 f6 f2 0f 10 3d 36 43 66 00 45 0f 57 f6
0x00007ff96ac687fe:   f2 44 0f 10 05 21 43 66 00 f2 44 0f 10 1d e0 42
0x00007ff96ac6880e:   66 00 f2 44 0f 10 0d 07 43 66 00 f2 44 0f 10 15
0x00007ff96ac6881e:   ee 42 66 00 48 89 b4 24 90 01 00 00 66 0f 1f 44
0x00007ff96ac6882e:   00 00 8b bb c0 00 00 00 85 ff 75 11 44 39 b3 c4
0x00007ff96ac6883e:   00 00 00 0f 84 fa 01 00 00 85 ff 74 1f 4c 8b 43
0x00007ff96ac6884e:   70 48 8d 14 bf 49 83 c0 20 48 c1 e2 05 49 8b 00
0x00007ff96ac6885e:   8b 4c 02 28 89 8b c0 00 00 00 eb 23 8b bb c4 00
0x00007ff96ac6886e:   00 00 4c 8b 43 70 49 83 c0 20 48 8d 14 bf 48 c1
0x00007ff96ac6887e:   e2 05 49 8b 00 8b 4c 02 28 89 8b c4 00 00 00 49
0x00007ff96ac6888e:   8b 08 8b 83 cc 00 00 00 89 44 0a 28 48 8b 4b 70
0x00007ff96ac6889e:   89 bb cc 00 00 00 48 8b 41 20 f7 84 10 98 00 00
0x00007ff96ac688ae:   00 00 20 00 00 74 78 48 03 51 10 48 8d 4c 24 58
0x00007ff96ac688be:   e8 0d f4 1b 00 8b 44 24 58 85 c0 74 3c 44 8b 44
0x00007ff96ac688ce:   24 5c a8 1f 75 0b c1 e8 05 41 83 c0 05 a8 1f 74
0x00007ff96ac688de:   f5 8b d0 83 e2 1f 0f b6 8c 2a 40 cd 82 00 d3 e8
0x00007ff96ac688ee:   89 44 24 58 42 8d 04 01 89 44 24 5c 0f b6 84 2a
0x00007ff96ac688fe:   20 cd 82 00 41 03 c0 eb 0a 48 8d 4c 24 58 e8 0f
0x00007ff96ac6890e:   f4 1b 00 85 c0 74 18 8b c0 48 8d 14 80 48 8b 43
0x00007ff96ac6891e:   70 48 c1 e2 05 48 8b 48 20 89 7c 0a 20 eb 96 48
0x00007ff96ac6892e:   8b 4b 70 8b d7 e8 98 ae 1b 00 48 8b d0 48 8d 4c
0x00007ff96ac6893e:   24 20 e8 8b f3 1b 00 44 8b 44 24 20 66 0f 1f 44
0x00007ff96ac6894e:   00 00 45 85 c0 74 45 44 8b 4c 24 24 41 f6 c0 1f 


Stack slot to memory mapping:
stack at sp + 0 slots: 0x0000003a51dfc270 is pointing into the stack for thread: 0x000001e896ecf800
stack at sp + 1 slots: 0x00007ff96aad0000 jvm.dll
stack at sp + 2 slots: 0x0000003a51dfc358 is pointing into the stack for thread: 0x000001e896ecf800
stack at sp + 3 slots: 0x00000000001b6a20 is an unknown value
stack at sp + 4 slots: 0x00001cea00000000 is an unknown value
stack at sp + 5 slots: 0x000001e800000008 is an unknown value
stack at sp + 6 slots: 0x000001e899b54200 points into unknown readable memory: 0x0000000000000000 | 00 00 00 00 00 00 00 00
stack at sp + 7 slots: 0x000001e80000002e is an unknown value


---------------  P R O C E S S  ---------------

Threads class SMR info:
_java_thread_list=0x000001e8998a8160, length=75, elements={
0x000001e8f6144800, 0x000001e89104c000, 0x000001e891055800, 0x000001e8910aa800,
0x000001e8910ac000, 0x000001e8910ae800, 0x000001e8910b3800, 0x000001e8910b8800,
0x000001e8910c2000, 0x000001e891225800, 0x000001e8925cc800, 0x000001e892575000,
0x000001e8912f1000, 0x000001e89261c000, 0x000001e893074800, 0x000001e892f4c000,
0x000001e892de4800, 0x000001e892683800, 0x000001e892f4b000, 0x000001e893cba000,
0x000001e893cb5000, 0x000001e893cb4800, 0x000001e893cbb000, 0x000001e893cb7800,
0x000001e893cb6000, 0x000001e893cb8800, 0x000001e893cb7000, 0x000001e893cb9800,
0x000001e894082000, 0x000001e89407e000, 0x000001e89407d000, 0x000001e894080800,
0x000001e89407e800, 0x000001e894084800, 0x000001e894085800, 0x000001e89407f800,
0x000001e894087800, 0x000001e894088800, 0x000001e894089800, 0x000001e89408a000,
0x000001e89408b000, 0x000001e894086000, 0x000001e894087000, 0x000001e8930e9800,
0x000001e8930ea800, 0x000001e8930e9000, 0x000001e8930e6800, 0x000001e8930eb000,
0x000001e8930ec000, 0x000001e8930ed000, 0x000001e8930e8000, 0x000001e8930f3800,
0x000001e8930f4000, 0x000001e8930ef800, 0x000001e8930f1000, 0x000001e8930f0000,
0x000001e8930ee800, 0x000001e8930f2800, 0x000001e8930f5000, 0x000001e8930f2000,
0x000001e896ecf000, 0x000001e896ed3800, 0x000001e896ed5800, 0x000001e896ed4800,
0x000001e896ed6000, 0x000001e896ed2000, 0x000001e896ecf800, 0x000001e896ed0800,
0x000001e896ed7000, 0x000001e896ed9800, 0x000001e896edb000, 0x000001e896edc000,
0x000001e896edc800, 0x000001e896ed8800, 0x000001e896eda000
}

Java Threads: ( => current thread )
  0x000001e8f6144800 JavaThread "main" [_thread_blocked, id=9696, stack(0x0000003a4cb00000,0x0000003a4cc00000)]
  0x000001e89104c000 JavaThread "Reference Handler" daemon [_thread_blocked, id=10088, stack(0x0000003a4d200000,0x0000003a4d300000)]
  0x000001e891055800 JavaThread "Finalizer" daemon [_thread_blocked, id=1312, stack(0x0000003a4d300000,0x0000003a4d400000)]
  0x000001e8910aa800 JavaThread "Signal Dispatcher" daemon [_thread_blocked, id=11516, stack(0x0000003a4d400000,0x0000003a4d500000)]
  0x000001e8910ac000 JavaThread "Attach Listener" daemon [_thread_blocked, id=8864, stack(0x0000003a4d500000,0x0000003a4d600000)]
  0x000001e8910ae800 JavaThread "Service Thread" daemon [_thread_blocked, id=12016, stack(0x0000003a4d600000,0x0000003a4d700000)]
  0x000001e8910b3800 JavaThread "C2 CompilerThread0" daemon [_thread_in_native, id=10112, stack(0x0000003a4d700000,0x0000003a4d800000)]
  0x000001e8910b8800 JavaThread "C1 CompilerThread0" daemon [_thread_in_native, id=2592, stack(0x0000003a4d800000,0x0000003a4d900000)]
  0x000001e8910c2000 JavaThread "Sweeper thread" daemon [_thread_blocked, id=9612, stack(0x0000003a4d900000,0x0000003a4da00000)]
  0x000001e891225800 JavaThread "Common-Cleaner" daemon [_thread_blocked, id=13628, stack(0x0000003a4da00000,0x0000003a4db00000)]
  0x000001e8925cc800 JavaThread "Daemon health stats" [_thread_blocked, id=320, stack(0x0000003a4e300000,0x0000003a4e400000)]
  0x000001e892575000 JavaThread "Incoming local TCP Connector on port 61732" [_thread_in_native, id=5132, stack(0x0000003a4dc00000,0x0000003a4dd00000)]
  0x000001e8912f1000 JavaThread "Daemon periodic checks" [_thread_blocked, id=8092, stack(0x0000003a4dd00000,0x0000003a4de00000)]
  0x000001e89261c000 JavaThread "Daemon" [_thread_blocked, id=1412, stack(0x0000003a4e400000,0x0000003a4e500000)]
  0x000001e893074800 JavaThread "Handler for socket connection from /127.0.0.1:61732 to /127.0.0.1:61733" [_thread_in_native, id=10972, stack(0x0000003a4e500000,0x0000003a4e600000)]
  0x000001e892f4c000 JavaThread "Cancel handler" [_thread_blocked, id=12644, stack(0x0000003a4e600000,0x0000003a4e700000)]
  0x000001e892de4800 JavaThread "Daemon worker" [_thread_blocked, id=14292, stack(0x0000003a4e700000,0x0000003a4e800000)]
  0x000001e892683800 JavaThread "Asynchronous log dispatcher for DefaultDaemonConnection: socket connection from /127.0.0.1:61732 to /127.0.0.1:61733" [_thread_blocked, id=7756, stack(0x0000003a4e800000,0x0000003a4e900000)]
  0x000001e892f4b000 JavaThread "Stdin handler" [_thread_blocked, id=11352, stack(0x0000003a4e900000,0x0000003a4ea00000)]
  0x000001e893cba000 JavaThread "Daemon client event forwarder" [_thread_blocked, id=11128, stack(0x0000003a4ea00000,0x0000003a4eb00000)]
  0x000001e893cb5000 JavaThread "Cache worker for file hash cache (C:\Users\Francisco\.gradle\caches\7.0.2\fileHashes)" [_thread_blocked, id=10468, stack(0x0000003a4eb00000,0x0000003a4ec00000)]
  0x000001e893cb4800 JavaThread "File lock request listener" [_thread_in_native, id=13136, stack(0x0000003a4ec00000,0x0000003a4ed00000)]
  0x000001e893cbb000 JavaThread "Cache worker for journal cache (C:\Users\Francisco\.gradle\caches\journal-1)" [_thread_blocked, id=2224, stack(0x0000003a4f000000,0x0000003a4f100000)]
  0x000001e893cb7800 JavaThread "Cache worker for file hash cache (C:\Users\Francisco\Documents\UNAL\DAM\.gradle\7.0.2\fileHashes)" [_thread_blocked, id=13816, stack(0x0000003a4f200000,0x0000003a4f300000)]
  0x000001e893cb6000 JavaThread "File watcher server" daemon [_thread_in_native, id=9736, stack(0x0000003a4f300000,0x0000003a4f400000)]
  0x000001e893cb8800 JavaThread "File watcher consumer" daemon [_thread_blocked, id=10964, stack(0x0000003a4f400000,0x0000003a4f500000)]
  0x000001e893cb7000 JavaThread "Cache worker for checksums cache (C:\Users\Francisco\Documents\UNAL\DAM\.gradle\checksums)" [_thread_blocked, id=10564, stack(0x0000003a4f500000,0x0000003a4f600000)]
  0x000001e893cb9800 JavaThread "Cache worker for cache directory md-supplier (C:\Users\Francisco\.gradle\caches\7.0.2\md-supplier)" [_thread_blocked, id=12192, stack(0x0000003a4f600000,0x0000003a4f700000)]
  0x000001e894082000 JavaThread "Cache worker for cache directory md-rule (C:\Users\Francisco\.gradle\caches\7.0.2\md-rule)" [_thread_blocked, id=11996, stack(0x0000003a4f700000,0x0000003a4f800000)]
  0x000001e89407e000 JavaThread "Cache worker for execution history cache (C:\Users\Francisco\.gradle\caches\7.0.2\executionHistory)" [_thread_blocked, id=7804, stack(0x0000003a4f800000,0x0000003a4f900000)]
  0x000001e89407d000 JavaThread "jar transforms" [_thread_blocked, id=4968, stack(0x0000003a4fa00000,0x0000003a4fb00000)]
  0x000001e894080800 JavaThread "jar transforms Thread 2" [_thread_blocked, id=8376, stack(0x0000003a4fb00000,0x0000003a4fc00000)]
  0x000001e89407e800 JavaThread "Cache worker for file content cache (C:\Users\Francisco\.gradle\caches\7.0.2\fileContent)" [_thread_blocked, id=1836, stack(0x0000003a4fc00000,0x0000003a4fd00000)]
  0x000001e894084800 JavaThread "Cache worker for dependencies-accessors (C:\Users\Francisco\Documents\UNAL\DAM\.gradle\7.0.2\dependencies-accessors)" [_thread_blocked, id=5408, stack(0x0000003a4fd00000,0x0000003a4fe00000)]
  0x000001e894085800 JavaThread "jar transforms Thread 3" [_thread_blocked, id=11564, stack(0x0000003a4fe00000,0x0000003a4ff00000)]
  0x000001e89407f800 JavaThread "Cache worker for Build Output Cleanup Cache (C:\Users\Francisco\Documents\UNAL\DAM\.gradle\buildOutputCleanup)" [_thread_blocked, id=4724, stack(0x0000003a4ff00000,0x0000003a50000000)]
  0x000001e894087800 JavaThread "Build operations" [_thread_blocked, id=12220, stack(0x0000003a50000000,0x0000003a50100000)]
  0x000001e894088800 JavaThread "Build operations Thread 2" [_thread_blocked, id=8072, stack(0x0000003a50100000,0x0000003a50200000)]
  0x000001e894089800 JavaThread "Build operations Thread 3" [_thread_blocked, id=6468, stack(0x0000003a50200000,0x0000003a50300000)]
  0x000001e89408a000 JavaThread "Build operations Thread 4" [_thread_blocked, id=12608, stack(0x0000003a50300000,0x0000003a50400000)]
  0x000001e89408b000 JavaThread "Build operations Thread 5" [_thread_blocked, id=8576, stack(0x0000003a50400000,0x0000003a50500000)]
  0x000001e894086000 JavaThread "Build operations Thread 6" [_thread_blocked, id=9200, stack(0x0000003a50500000,0x0000003a50600000)]
  0x000001e894087000 JavaThread "Build operations Thread 7" [_thread_blocked, id=12728, stack(0x0000003a50600000,0x0000003a50700000)]
  0x000001e8930e9800 JavaThread "Build operations Thread 8" [_thread_blocked, id=6636, stack(0x0000003a50700000,0x0000003a50800000)]
  0x000001e8930ea800 JavaThread "jar transforms Thread 4" [_thread_blocked, id=300, stack(0x0000003a50800000,0x0000003a50900000)]
  0x000001e8930e9000 JavaThread "jar transforms Thread 5" [_thread_blocked, id=10704, stack(0x0000003a50900000,0x0000003a50a00000)]
  0x000001e8930e6800 JavaThread "jar transforms Thread 6" [_thread_blocked, id=8536, stack(0x0000003a50a00000,0x0000003a50b00000)]
  0x000001e8930eb000 JavaThread "jar transforms Thread 7" [_thread_blocked, id=13360, stack(0x0000003a50b00000,0x0000003a50c00000)]
  0x000001e8930ec000 JavaThread "jar transforms Thread 8" [_thread_blocked, id=7760, stack(0x0000003a50c00000,0x0000003a50d00000)]
  0x000001e8930ed000 JavaThread "Memory manager" [_thread_blocked, id=7868, stack(0x0000003a50d00000,0x0000003a50e00000)]
  0x000001e8930e8000 JavaThread "build event listener" [_thread_blocked, id=9976, stack(0x0000003a50e00000,0x0000003a50f00000)]
  0x000001e8930f3800 JavaThread "Execution worker for ':'" [_thread_blocked, id=13524, stack(0x0000003a50f00000,0x0000003a51000000)]
  0x000001e8930f4000 JavaThread "Execution worker for ':' Thread 2" [_thread_blocked, id=13768, stack(0x0000003a51000000,0x0000003a51100000)]
  0x000001e8930ef800 JavaThread "Execution worker for ':' Thread 3" [_thread_blocked, id=5128, stack(0x0000003a51100000,0x0000003a51200000)]
  0x000001e8930f1000 JavaThread "Execution worker for ':' Thread 4" [_thread_blocked, id=13780, stack(0x0000003a51200000,0x0000003a51300000)]
  0x000001e8930f0000 JavaThread "Execution worker for ':' Thread 5" [_thread_blocked, id=11916, stack(0x0000003a51300000,0x0000003a51400000)]
  0x000001e8930ee800 JavaThread "Execution worker for ':' Thread 6" [_thread_blocked, id=8300, stack(0x0000003a51400000,0x0000003a51500000)]
  0x000001e8930f2800 JavaThread "Execution worker for ':' Thread 7" [_thread_blocked, id=12024, stack(0x0000003a51500000,0x0000003a51600000)]
  0x000001e8930f5000 JavaThread "Cache worker for execution history cache (C:\Users\Francisco\Documents\UNAL\DAM\.gradle\7.0.2\executionHistory)" [_thread_blocked, id=848, stack(0x0000003a51600000,0x0000003a51700000)]
  0x000001e8930f2000 JavaThread "WorkerExecutor Queue" [_thread_in_Java, id=8652, stack(0x0000003a51700000,0x0000003a51800000)]
  0x000001e896ecf000 JavaThread "WorkerExecutor Queue Thread 3" [_thread_in_vm, id=5336, stack(0x0000003a51900000,0x0000003a51a00000)]
  0x000001e896ed3800 JavaThread "WorkerExecutor Queue Thread 4" [_thread_in_Java, id=8360, stack(0x0000003a51a00000,0x0000003a51b00000)]
  0x000001e896ed5800 JavaThread "pool-3-thread-1" [_thread_blocked, id=13232, stack(0x0000003a4f900000,0x0000003a4fa00000)]
  0x000001e896ed4800 JavaThread "stderr" [_thread_in_native, id=13680, stack(0x0000003a51b00000,0x0000003a51c00000)]
  0x000001e896ed6000 JavaThread "stdout" [_thread_in_native, id=7800, stack(0x0000003a51c00000,0x0000003a51d00000)]
  0x000001e896ed2000 JavaThread "C2 CompilerThread1" daemon [_thread_in_native, id=8964, stack(0x0000003a4f100000,0x0000003a4f200000)]
=>0x000001e896ecf800 JavaThread "C2 CompilerThread2" daemon [_thread_in_native, id=820, stack(0x0000003a51d00000,0x0000003a51e00000)]
  0x000001e896ed0800 JavaThread "Cache worker for Java compile cache (C:\Users\Francisco\.gradle\caches\7.0.2\javaCompile)" [_thread_blocked, id=11232, stack(0x0000003a51e00000,0x0000003a51f00000)]
  0x000001e896ed7000 JavaThread "Cache worker for Java compile cache (C:\Users\Francisco\Documents\UNAL\DAM\.gradle\7.0.2\javaCompile)" [_thread_blocked, id=4076, stack(0x0000003a51f00000,0x0000003a52000000)]
  0x000001e896ed9800 JavaThread "WorkerExecutor Queue Thread 5" [_thread_in_vm, id=9280, stack(0x0000003a52000000,0x0000003a52100000)]
  0x000001e896edb000 JavaThread "WorkerExecutor Queue Thread 6" [_thread_in_vm, id=9440, stack(0x0000003a52100000,0x0000003a52200000)]
  0x000001e896edc000 JavaThread "WorkerExecutor Queue Thread 7" [_thread_blocked, id=6972, stack(0x0000003a52200000,0x0000003a52300000)]
  0x000001e896edc800 JavaThread "WorkerExecutor Queue Thread 8" [_thread_blocked, id=13672, stack(0x0000003a52300000,0x0000003a52400000)]
  0x000001e896ed8800 JavaThread "WorkerExecutor Queue Thread 9" [_thread_in_vm, id=8516, stack(0x0000003a52400000,0x0000003a52500000)]
  0x000001e896eda000 JavaThread "WorkerExecutor Queue Thread 10" [_thread_blocked, id=14080, stack(0x0000003a52500000,0x0000003a52600000)]

Other Threads:
  0x000001e891049000 VMThread "VM Thread" [stack: 0x0000003a4d100000,0x0000003a4d200000] [id=9064]
  0x000001e891227800 WatcherThread [stack: 0x0000003a4db00000,0x0000003a4dc00000] [id=11636]
  0x000001e8f615b800 GCTaskThread "GC Thread#0" [stack: 0x0000003a4cc00000,0x0000003a4cd00000] [id=8408]
  0x000001e891a6c000 GCTaskThread "GC Thread#1" [stack: 0x0000003a4de00000,0x0000003a4df00000] [id=12456]
  0x000001e89183b000 GCTaskThread "GC Thread#2" [stack: 0x0000003a4df00000,0x0000003a4e000000] [id=13336]
  0x000001e892084800 GCTaskThread "GC Thread#3" [stack: 0x0000003a4e000000,0x0000003a4e100000] [id=7476]
  0x000001e891783800 GCTaskThread "GC Thread#4" [stack: 0x0000003a4e100000,0x0000003a4e200000] [id=9868]
  0x000001e891784000 GCTaskThread "GC Thread#5" [stack: 0x0000003a4e200000,0x0000003a4e300000] [id=1528]
  0x000001e893d5a800 GCTaskThread "GC Thread#6" [stack: 0x0000003a4ed00000,0x0000003a4ee00000] [id=7236]
  0x000001e892598000 GCTaskThread "GC Thread#7" [stack: 0x0000003a4ee00000,0x0000003a4ef00000] [id=3376]
  0x000001e8f618d800 ConcurrentGCThread "G1 Main Marker" [stack: 0x0000003a4cd00000,0x0000003a4ce00000] [id=288]
  0x000001e8f618f000 ConcurrentGCThread "G1 Conc#0" [stack: 0x0000003a4ce00000,0x0000003a4cf00000] [id=10840]
  0x000001e891b99000 ConcurrentGCThread "G1 Conc#1" [stack: 0x0000003a4ef00000,0x0000003a4f000000] [id=3596]
  0x000001e8f620e000 ConcurrentGCThread "G1 Refine#0" [stack: 0x0000003a4cf00000,0x0000003a4d000000] [id=5368]
  0x000001e8998ad000 ConcurrentGCThread "G1 Refine#1" [stack: 0x0000003a51800000,0x0000003a51900000] [id=2860]
  0x000001e8ff46e800 ConcurrentGCThread "G1 Young RemSet Sampling" [stack: 0x0000003a4d000000,0x0000003a4d100000] [id=2348]

Threads with active compile tasks:
C2 CompilerThread0  22530 14054       4       jdk.internal.org.objectweb.asm.ClassWriter::newNameTypeItem (71 bytes)
C2 CompilerThread1  22530 14064       4       sun.invoke.util.VerifyAccess::isClassAccessible (182 bytes)
C2 CompilerThread2  22530 13736   !   4       java.io.ObjectInputStream::readObject0 (671 bytes)

VM state:not at safepoint (normal execution)

VM Mutex/Monitor currently owned by a thread: None

Heap address: 0x0000000080000000, size: 2048 MB, Compressed Oops mode: 32-bit
Narrow klass base: 0x0000000000000000, Narrow klass shift: 3
Compressed class space size: 1073741824 Address: 0x0000000100000000

Heap:
 garbage-first heap   total 262144K, used 170685K [0x0000000080000000, 0x0000000100000000)
  region size 1024K, 90 young (92160K), 16 survivors (16384K)
 Metaspace       used 107671K, capacity 110628K, committed 110848K, reserved 1144832K
  class space    used 13733K, capacity 14853K, committed 14924K, reserved 1048576K
Heap Regions: E=young(eden), S=young(survivor), O=old, HS=humongous(starts), HC=humongous(continues), CS=collection set, F=free, A=archive, TAMS=top-at-mark-start (previous, next)
|   0|0x0000000080000000, 0x0000000080100000, 0x0000000080100000|100%| O|  |TAMS 0x0000000080100000, 0x0000000080000000| Untracked 
|   1|0x0000000080100000, 0x0000000080200000, 0x0000000080200000|100%| O|  |TAMS 0x0000000080200000, 0x0000000080100000| Untracked 
|   2|0x0000000080200000, 0x0000000080300000, 0x0000000080300000|100%| O|  |TAMS 0x0000000080300000, 0x0000000080200000| Untracked 
|   3|0x0000000080300000, 0x0000000080400000, 0x0000000080400000|100%|HS|  |TAMS 0x0000000080400000, 0x0000000080300000| Complete 
|   4|0x0000000080400000, 0x0000000080500000, 0x0000000080500000|100%|HC|  |TAMS 0x0000000080500000, 0x0000000080400000| Complete 
|   5|0x0000000080500000, 0x0000000080600000, 0x0000000080600000|100%|HC|  |TAMS 0x0000000080600000, 0x0000000080500000| Complete 
|   6|0x0000000080600000, 0x0000000080700000, 0x0000000080700000|100%| O|  |TAMS 0x0000000080700000, 0x0000000080600000| Untracked 
|   7|0x0000000080700000, 0x0000000080800000, 0x0000000080800000|100%| O|  |TAMS 0x0000000080800000, 0x0000000080700000| Untracked 
|   8|0x0000000080800000, 0x0000000080900000, 0x0000000080900000|100%| O|  |TAMS 0x0000000080900000, 0x0000000080800000| Untracked 
|   9|0x0000000080900000, 0x0000000080a00000, 0x0000000080a00000|100%| O|  |TAMS 0x0000000080a00000, 0x0000000080900000| Untracked 
|  10|0x0000000080a00000, 0x0000000080b00000, 0x0000000080b00000|100%| O|  |TAMS 0x0000000080b00000, 0x0000000080a00000| Untracked 
|  11|0x0000000080b00000, 0x0000000080c00000, 0x0000000080c00000|100%| O|  |TAMS 0x0000000080c00000, 0x0000000080b00000| Untracked 
|  12|0x0000000080c00000, 0x0000000080d00000, 0x0000000080d00000|100%| O|  |TAMS 0x0000000080d00000, 0x0000000080c00000| Untracked 
|  13|0x0000000080d00000, 0x0000000080e00000, 0x0000000080e00000|100%| O|  |TAMS 0x0000000080e00000, 0x0000000080d00000| Untracked 
|  14|0x0000000080e00000, 0x0000000080f00000, 0x0000000080f00000|100%| O|  |TAMS 0x0000000080f00000, 0x0000000080e00000| Untracked 
|  15|0x0000000080f00000, 0x0000000081000000, 0x0000000081000000|100%| O|  |TAMS 0x0000000081000000, 0x0000000080f00000| Untracked 
|  16|0x0000000081000000, 0x0000000081100000, 0x0000000081100000|100%| O|  |TAMS 0x0000000081100000, 0x0000000081000000| Untracked 
|  17|0x0000000081100000, 0x0000000081200000, 0x0000000081200000|100%|HS|  |TAMS 0x0000000081200000, 0x0000000081100000| Complete 
|  18|0x0000000081200000, 0x0000000081300000, 0x0000000081300000|100%|HS|  |TAMS 0x0000000081300000, 0x0000000081200000| Complete 
|  19|0x0000000081300000, 0x0000000081400000, 0x0000000081400000|100%|HS|  |TAMS 0x0000000081400000, 0x0000000081300000| Complete 
|  20|0x0000000081400000, 0x0000000081500000, 0x0000000081500000|100%|HC|  |TAMS 0x0000000081500000, 0x0000000081400000| Complete 
|  21|0x0000000081500000, 0x0000000081600000, 0x0000000081600000|100%| O|  |TAMS 0x0000000081600000, 0x0000000081500000| Untracked 
|  22|0x0000000081600000, 0x0000000081700000, 0x0000000081700000|100%| O|  |TAMS 0x0000000081700000, 0x0000000081600000| Untracked 
|  23|0x0000000081700000, 0x0000000081800000, 0x0000000081800000|100%| O|  |TAMS 0x0000000081800000, 0x0000000081700000| Untracked 
|  24|0x0000000081800000, 0x0000000081900000, 0x0000000081900000|100%| O|  |TAMS 0x0000000081900000, 0x0000000081800000| Untracked 
|  25|0x0000000081900000, 0x0000000081a00000, 0x0000000081a00000|100%| O|  |TAMS 0x0000000081a00000, 0x0000000081900000| Untracked 
|  26|0x0000000081a00000, 0x0000000081b00000, 0x0000000081b00000|100%| O|  |TAMS 0x0000000081b00000, 0x0000000081a00000| Untracked 
|  27|0x0000000081b00000, 0x0000000081c00000, 0x0000000081c00000|100%| O|  |TAMS 0x0000000081c00000, 0x0000000081b00000| Untracked 
|  28|0x0000000081c00000, 0x0000000081d00000, 0x0000000081d00000|100%| O|  |TAMS 0x0000000081d00000, 0x0000000081c00000| Untracked 
|  29|0x0000000081d00000, 0x0000000081e00000, 0x0000000081e00000|100%| O|  |TAMS 0x0000000081e00000, 0x0000000081d00000| Untracked 
|  30|0x0000000081e00000, 0x0000000081f00000, 0x0000000081f00000|100%| O|  |TAMS 0x0000000081f00000, 0x0000000081e00000| Untracked 
|  31|0x0000000081f00000, 0x0000000082000000, 0x0000000082000000|100%| O|  |TAMS 0x0000000082000000, 0x0000000081f00000| Untracked 
|  32|0x0000000082000000, 0x0000000082100000, 0x0000000082100000|100%| O|  |TAMS 0x0000000082000000, 0x0000000082000000| Untracked 
|  33|0x0000000082100000, 0x0000000082200000, 0x0000000082200000|100%| O|  |TAMS 0x0000000082200000, 0x0000000082100000| Untracked 
|  34|0x0000000082200000, 0x0000000082300000, 0x0000000082300000|100%| O|  |TAMS 0x0000000082300000, 0x0000000082200000| Untracked 
|  35|0x0000000082300000, 0x0000000082400000, 0x0000000082400000|100%| O|  |TAMS 0x0000000082400000, 0x0000000082300000| Untracked 
|  36|0x0000000082400000, 0x0000000082500000, 0x0000000082500000|100%| O|  |TAMS 0x0000000082500000, 0x0000000082400000| Untracked 
|  37|0x0000000082500000, 0x0000000082600000, 0x0000000082600000|100%| O|  |TAMS 0x0000000082600000, 0x0000000082500000| Untracked 
|  38|0x0000000082600000, 0x0000000082700000, 0x0000000082700000|100%| O|  |TAMS 0x0000000082700000, 0x0000000082600000| Untracked 
|  39|0x0000000082700000, 0x0000000082800000, 0x0000000082800000|100%| O|  |TAMS 0x0000000082800000, 0x0000000082700000| Untracked 
|  40|0x0000000082800000, 0x0000000082900000, 0x0000000082900000|100%| O|  |TAMS 0x0000000082900000, 0x0000000082800000| Untracked 
|  41|0x0000000082900000, 0x0000000082a00000, 0x0000000082a00000|100%| O|  |TAMS 0x0000000082a00000, 0x0000000082900000| Untracked 
|  42|0x0000000082a00000, 0x0000000082b00000, 0x0000000082b00000|100%| O|  |TAMS 0x0000000082ac9200, 0x0000000082a00000| Untracked 
|  43|0x0000000082b00000, 0x0000000082c00000, 0x0000000082c00000|100%|HS|  |TAMS 0x0000000082b00000, 0x0000000082b00000| Complete 
|  44|0x0000000082c00000, 0x0000000082d00000, 0x0000000082d00000|100%|HC|  |TAMS 0x0000000082c00000, 0x0000000082c00000| Complete 
|  45|0x0000000082d00000, 0x0000000082e00000, 0x0000000082e00000|100%| O|  |TAMS 0x0000000082d00000, 0x0000000082d00000| Untracked 
|  46|0x0000000082e00000, 0x0000000082f00000, 0x0000000082f00000|100%| O|  |TAMS 0x0000000082e00000, 0x0000000082e00000| Untracked 
|  47|0x0000000082f00000, 0x0000000083000000, 0x0000000083000000|100%| O|  |TAMS 0x0000000082f00000, 0x0000000082f00000| Untracked 
|  48|0x0000000083000000, 0x0000000083100000, 0x0000000083100000|100%| O|  |TAMS 0x0000000083000000, 0x0000000083000000| Untracked 
|  49|0x0000000083100000, 0x0000000083200000, 0x0000000083200000|100%| O|  |TAMS 0x0000000083100000, 0x0000000083100000| Untracked 
|  50|0x0000000083200000, 0x0000000083300000, 0x0000000083300000|100%| O|  |TAMS 0x0000000083200000, 0x0000000083200000| Untracked 
|  51|0x0000000083300000, 0x0000000083400000, 0x0000000083400000|100%| O|  |TAMS 0x0000000083300000, 0x0000000083300000| Untracked 
|  52|0x0000000083400000, 0x0000000083500000, 0x0000000083500000|100%| O|  |TAMS 0x0000000083400000, 0x0000000083400000| Untracked 
|  53|0x0000000083500000, 0x0000000083600000, 0x0000000083600000|100%| O|  |TAMS 0x0000000083500000, 0x0000000083500000| Untracked 
|  54|0x0000000083600000, 0x0000000083700000, 0x0000000083700000|100%| O|  |TAMS 0x0000000083600000, 0x0000000083600000| Untracked 
|  55|0x0000000083700000, 0x0000000083800000, 0x0000000083800000|100%| O|  |TAMS 0x0000000083700000, 0x0000000083700000| Untracked 
|  56|0x0000000083800000, 0x0000000083900000, 0x0000000083900000|100%| O|  |TAMS 0x0000000083800000, 0x0000000083800000| Untracked 
|  57|0x0000000083900000, 0x0000000083a00000, 0x0000000083a00000|100%| O|  |TAMS 0x0000000083900000, 0x0000000083900000| Untracked 
|  58|0x0000000083a00000, 0x0000000083b00000, 0x0000000083b00000|100%| O|  |TAMS 0x0000000083a00000, 0x0000000083a00000| Untracked 
|  59|0x0000000083b00000, 0x0000000083c00000, 0x0000000083c00000|100%| O|  |TAMS 0x0000000083b00000, 0x0000000083b00000| Untracked 
|  60|0x0000000083c00000, 0x0000000083caf400, 0x0000000083d00000| 68%| O|  |TAMS 0x0000000083c00000, 0x0000000083c00000| Untracked 
|  61|0x0000000083d00000, 0x0000000083e00000, 0x0000000083e00000|100%|HS|  |TAMS 0x0000000083d00000, 0x0000000083d00000| Complete 
|  62|0x0000000083e00000, 0x0000000083f00000, 0x0000000083f00000|100%|HS|  |TAMS 0x0000000083e00000, 0x0000000083e00000| Complete 
|  63|0x0000000083f00000, 0x0000000083f00000, 0x0000000084000000|  0%| F|  |TAMS 0x0000000083f00000, 0x0000000083f00000| Untracked 
|  64|0x0000000084000000, 0x0000000084000000, 0x0000000084100000|  0%| F|  |TAMS 0x0000000084000000, 0x0000000084000000| Untracked 
|  65|0x0000000084100000, 0x0000000084100000, 0x0000000084200000|  0%| F|  |TAMS 0x0000000084100000, 0x0000000084100000| Untracked 
|  66|0x0000000084200000, 0x0000000084200000, 0x0000000084300000|  0%| F|  |TAMS 0x0000000084200000, 0x0000000084200000| Untracked 
|  67|0x0000000084300000, 0x0000000084300000, 0x0000000084400000|  0%| F|  |TAMS 0x0000000084300000, 0x0000000084300000| Untracked 
|  68|0x0000000084400000, 0x0000000084400000, 0x0000000084500000|  0%| F|  |TAMS 0x0000000084400000, 0x0000000084400000| Untracked 
|  69|0x0000000084500000, 0x0000000084500000, 0x0000000084600000|  0%| F|  |TAMS 0x0000000084500000, 0x0000000084500000| Untracked 
|  70|0x0000000084600000, 0x0000000084600000, 0x0000000084700000|  0%| F|  |TAMS 0x0000000084600000, 0x0000000084600000| Untracked 
|  71|0x0000000084700000, 0x0000000084700000, 0x0000000084800000|  0%| F|  |TAMS 0x0000000084700000, 0x0000000084700000| Untracked 
|  72|0x0000000084800000, 0x0000000084900000, 0x0000000084900000|100%| O|  |TAMS 0x0000000084800000, 0x0000000084800000| Untracked 
|  73|0x0000000084900000, 0x0000000084a00000, 0x0000000084a00000|100%| O|  |TAMS 0x0000000084900000, 0x0000000084900000| Untracked 
|  74|0x0000000084a00000, 0x0000000084b00000, 0x0000000084b00000|100%| O|  |TAMS 0x0000000084a00000, 0x0000000084a00000| Untracked 
|  75|0x0000000084b00000, 0x0000000084c00000, 0x0000000084c00000|100%| O|  |TAMS 0x0000000084b00000, 0x0000000084b00000| Untracked 
|  76|0x0000000084c00000, 0x0000000084d00000, 0x0000000084d00000|100%| O|  |TAMS 0x0000000084c00000, 0x0000000084c00000| Untracked 
|  77|0x0000000084d00000, 0x0000000084e00000, 0x0000000084e00000|100%| O|  |TAMS 0x0000000084d00000, 0x0000000084d00000| Untracked 
|  78|0x0000000084e00000, 0x0000000084f00000, 0x0000000084f00000|100%| O|  |TAMS 0x0000000084e00000, 0x0000000084e00000| Untracked 
|  79|0x0000000084f00000, 0x0000000085000000, 0x0000000085000000|100%| O|  |TAMS 0x0000000084f00000, 0x0000000084f00000| Untracked 
|  80|0x0000000085000000, 0x0000000085100000, 0x0000000085100000|100%| O|  |TAMS 0x0000000085000000, 0x0000000085000000| Untracked 
|  81|0x0000000085100000, 0x0000000085200000, 0x0000000085200000|100%| O|  |TAMS 0x0000000085100000, 0x0000000085100000| Untracked 
|  82|0x0000000085200000, 0x0000000085300000, 0x0000000085300000|100%| O|  |TAMS 0x0000000085200000, 0x0000000085200000| Untracked 
|  83|0x0000000085300000, 0x0000000085400000, 0x0000000085400000|100%| O|  |TAMS 0x0000000085300000, 0x0000000085300000| Untracked 
|  84|0x0000000085400000, 0x0000000085500000, 0x0000000085500000|100%| O|  |TAMS 0x0000000085400000, 0x0000000085400000| Untracked 
|  85|0x0000000085500000, 0x0000000085600000, 0x0000000085600000|100%| O|  |TAMS 0x0000000085500000, 0x0000000085500000| Untracked 
|  86|0x0000000085600000, 0x0000000085700000, 0x0000000085700000|100%| O|  |TAMS 0x0000000085600000, 0x0000000085600000| Untracked 
|  87|0x0000000085700000, 0x0000000085800000, 0x0000000085800000|100%| O|  |TAMS 0x0000000085700000, 0x0000000085700000| Untracked 
|  88|0x0000000085800000, 0x0000000085800000, 0x0000000085900000|  0%| F|  |TAMS 0x0000000085800000, 0x0000000085800000| Untracked 
|  89|0x0000000085900000, 0x0000000085900000, 0x0000000085a00000|  0%| F|  |TAMS 0x0000000085900000, 0x0000000085900000| Untracked 
|  90|0x0000000085a00000, 0x0000000085a00000, 0x0000000085b00000|  0%| F|  |TAMS 0x0000000085a00000, 0x0000000085a00000| Untracked 
|  91|0x0000000085b00000, 0x0000000085b00000, 0x0000000085c00000|  0%| F|  |TAMS 0x0000000085b00000, 0x0000000085b00000| Untracked 
|  92|0x0000000085c00000, 0x0000000085c00000, 0x0000000085d00000|  0%| F|  |TAMS 0x0000000085c00000, 0x0000000085c00000| Untracked 
|  93|0x0000000085d00000, 0x0000000085d00000, 0x0000000085e00000|  0%| F|  |TAMS 0x0000000085d00000, 0x0000000085d00000| Untracked 
|  94|0x0000000085e00000, 0x0000000085e00000, 0x0000000085f00000|  0%| F|  |TAMS 0x0000000085e00000, 0x0000000085e00000| Untracked 
|  95|0x0000000085f00000, 0x0000000085f00000, 0x0000000086000000|  0%| F|  |TAMS 0x0000000085f00000, 0x0000000085f00000| Untracked 
|  96|0x0000000086000000, 0x0000000086000000, 0x0000000086100000|  0%| F|  |TAMS 0x0000000086000000, 0x0000000086000000| Untracked 
|  97|0x0000000086100000, 0x0000000086100000, 0x0000000086200000|  0%| F|  |TAMS 0x0000000086100000, 0x0000000086100000| Untracked 
|  98|0x0000000086200000, 0x0000000086200000, 0x0000000086300000|  0%| F|  |TAMS 0x0000000086200000, 0x0000000086200000| Untracked 
|  99|0x0000000086300000, 0x0000000086300000, 0x0000000086400000|  0%| F|  |TAMS 0x0000000086300000, 0x0000000086300000| Untracked 
| 100|0x0000000086400000, 0x0000000086400000, 0x0000000086500000|  0%| F|  |TAMS 0x0000000086400000, 0x0000000086400000| Untracked 
| 101|0x0000000086500000, 0x0000000086500000, 0x0000000086600000|  0%| F|  |TAMS 0x0000000086500000, 0x0000000086500000| Untracked 
| 102|0x0000000086600000, 0x0000000086600000, 0x0000000086700000|  0%| F|  |TAMS 0x0000000086600000, 0x0000000086600000| Untracked 
| 103|0x0000000086700000, 0x0000000086700000, 0x0000000086800000|  0%| F|  |TAMS 0x0000000086700000, 0x0000000086700000| Untracked 
| 104|0x0000000086800000, 0x0000000086800000, 0x0000000086900000|  0%| F|  |TAMS 0x0000000086800000, 0x0000000086800000| Untracked 
| 105|0x0000000086900000, 0x0000000086900000, 0x0000000086a00000|  0%| F|  |TAMS 0x0000000086900000, 0x0000000086900000| Untracked 
| 106|0x0000000086a00000, 0x0000000086a00000, 0x0000000086b00000|  0%| F|  |TAMS 0x0000000086a00000, 0x0000000086a00000| Untracked 
| 107|0x0000000086b00000, 0x0000000086b00000, 0x0000000086c00000|  0%| F|  |TAMS 0x0000000086b00000, 0x0000000086b00000| Untracked 
| 108|0x0000000086c00000, 0x0000000086c00000, 0x0000000086d00000|  0%| F|  |TAMS 0x0000000086c00000, 0x0000000086c00000| Untracked 
| 109|0x0000000086d00000, 0x0000000086d00000, 0x0000000086e00000|  0%| F|  |TAMS 0x0000000086d00000, 0x0000000086d00000| Untracked 
| 110|0x0000000086e00000, 0x0000000086e00000, 0x0000000086f00000|  0%| F|  |TAMS 0x0000000086e00000, 0x0000000086e00000| Untracked 
| 111|0x0000000086f00000, 0x0000000086f00000, 0x0000000087000000|  0%| F|  |TAMS 0x0000000086f00000, 0x0000000086f00000| Untracked 
| 112|0x0000000087000000, 0x0000000087100000, 0x0000000087100000|100%| S|CS|TAMS 0x0000000087000000, 0x0000000087000000| Complete 
| 113|0x0000000087100000, 0x0000000087200000, 0x0000000087200000|100%| S|CS|TAMS 0x0000000087100000, 0x0000000087100000| Complete 
| 114|0x0000000087200000, 0x0000000087300000, 0x0000000087300000|100%| S|CS|TAMS 0x0000000087200000, 0x0000000087200000| Complete 
| 115|0x0000000087300000, 0x0000000087400000, 0x0000000087400000|100%| S|CS|TAMS 0x0000000087300000, 0x0000000087300000| Complete 
| 116|0x0000000087400000, 0x0000000087500000, 0x0000000087500000|100%| S|CS|TAMS 0x0000000087400000, 0x0000000087400000| Complete 
| 117|0x0000000087500000, 0x0000000087600000, 0x0000000087600000|100%| S|CS|TAMS 0x0000000087500000, 0x0000000087500000| Complete 
| 118|0x0000000087600000, 0x0000000087700000, 0x0000000087700000|100%| S|CS|TAMS 0x0000000087600000, 0x0000000087600000| Complete 
| 119|0x0000000087700000, 0x0000000087800000, 0x0000000087800000|100%| S|CS|TAMS 0x0000000087700000, 0x0000000087700000| Complete 
| 120|0x0000000087800000, 0x0000000087800000, 0x0000000087900000|  0%| F|  |TAMS 0x0000000087800000, 0x0000000087800000| Untracked 
| 121|0x0000000087900000, 0x0000000087900000, 0x0000000087a00000|  0%| F|  |TAMS 0x0000000087900000, 0x0000000087900000| Untracked 
| 122|0x0000000087a00000, 0x0000000087a00000, 0x0000000087b00000|  0%| F|  |TAMS 0x0000000087a00000, 0x0000000087a00000| Untracked 
| 123|0x0000000087b00000, 0x0000000087b00000, 0x0000000087c00000|  0%| F|  |TAMS 0x0000000087b00000, 0x0000000087b00000| Untracked 
| 124|0x0000000087c00000, 0x0000000087c00000, 0x0000000087d00000|  0%| F|  |TAMS 0x0000000087c00000, 0x0000000087c00000| Untracked 
| 125|0x0000000087d00000, 0x0000000087d00000, 0x0000000087e00000|  0%| F|  |TAMS 0x0000000087d00000, 0x0000000087d00000| Untracked 
| 126|0x0000000087e00000, 0x0000000087e00000, 0x0000000087f00000|  0%| F|  |TAMS 0x0000000087e00000, 0x0000000087e00000| Untracked 
| 127|0x0000000087f00000, 0x0000000087f00000, 0x0000000088000000|  0%| F|  |TAMS 0x0000000087f00000, 0x0000000087f00000| Untracked 
| 128|0x0000000088000000, 0x0000000088000000, 0x0000000088100000|  0%| F|  |TAMS 0x0000000088000000, 0x0000000088000000| Untracked 
| 129|0x0000000088100000, 0x0000000088100000, 0x0000000088200000|  0%| F|  |TAMS 0x0000000088100000, 0x0000000088100000| Untracked 
| 130|0x0000000088200000, 0x0000000088300000, 0x0000000088300000|100%| S|CS|TAMS 0x0000000088200000, 0x0000000088200000| Complete 
| 131|0x0000000088300000, 0x0000000088400000, 0x0000000088400000|100%| S|CS|TAMS 0x0000000088300000, 0x0000000088300000| Complete 
| 132|0x0000000088400000, 0x0000000088500000, 0x0000000088500000|100%| S|CS|TAMS 0x0000000088400000, 0x0000000088400000| Complete 
| 133|0x0000000088500000, 0x0000000088600000, 0x0000000088600000|100%| S|CS|TAMS 0x0000000088500000, 0x0000000088500000| Complete 
| 134|0x0000000088600000, 0x0000000088700000, 0x0000000088700000|100%| S|CS|TAMS 0x0000000088600000, 0x0000000088600000| Complete 
| 135|0x0000000088700000, 0x0000000088800000, 0x0000000088800000|100%| S|CS|TAMS 0x0000000088700000, 0x0000000088700000| Complete 
| 136|0x0000000088800000, 0x0000000088900000, 0x0000000088900000|100%| S|CS|TAMS 0x0000000088800000, 0x0000000088800000| Complete 
| 137|0x0000000088900000, 0x0000000088a00000, 0x0000000088a00000|100%| S|CS|TAMS 0x0000000088900000, 0x0000000088900000| Complete 
| 138|0x0000000088a00000, 0x0000000088a00000, 0x0000000088b00000|  0%| F|  |TAMS 0x0000000088a00000, 0x0000000088a00000| Untracked 
| 139|0x0000000088b00000, 0x0000000088b00000, 0x0000000088c00000|  0%| F|  |TAMS 0x0000000088b00000, 0x0000000088b00000| Untracked 
| 140|0x0000000088c00000, 0x0000000088c00000, 0x0000000088d00000|  0%| F|  |TAMS 0x0000000088c00000, 0x0000000088c00000| Untracked 
| 141|0x0000000088d00000, 0x0000000088d00000, 0x0000000088e00000|  0%| F|  |TAMS 0x0000000088d00000, 0x0000000088d00000| Untracked 
| 142|0x0000000088e00000, 0x0000000088e00000, 0x0000000088f00000|  0%| F|  |TAMS 0x0000000088e00000, 0x0000000088e00000| Untracked 
| 143|0x0000000088f00000, 0x0000000088f00000, 0x0000000089000000|  0%| F|  |TAMS 0x0000000088f00000, 0x0000000088f00000| Untracked 
| 144|0x0000000089000000, 0x0000000089000000, 0x0000000089100000|  0%| F|  |TAMS 0x0000000089000000, 0x0000000089000000| Untracked 
| 145|0x0000000089100000, 0x0000000089100000, 0x0000000089200000|  0%| F|  |TAMS 0x0000000089100000, 0x0000000089100000| Untracked 
| 146|0x0000000089200000, 0x0000000089200000, 0x0000000089300000|  0%| F|  |TAMS 0x0000000089200000, 0x0000000089200000| Untracked 
| 147|0x0000000089300000, 0x0000000089300000, 0x0000000089400000|  0%| F|  |TAMS 0x0000000089300000, 0x0000000089300000| Untracked 
| 148|0x0000000089400000, 0x0000000089400000, 0x0000000089500000|  0%| F|  |TAMS 0x0000000089400000, 0x0000000089400000| Untracked 
| 149|0x0000000089500000, 0x0000000089500000, 0x0000000089600000|  0%| F|  |TAMS 0x0000000089500000, 0x0000000089500000| Untracked 
| 150|0x0000000089600000, 0x0000000089600000, 0x0000000089700000|  0%| F|  |TAMS 0x0000000089600000, 0x0000000089600000| Untracked 
| 151|0x0000000089700000, 0x0000000089700000, 0x0000000089800000|  0%| F|  |TAMS 0x0000000089700000, 0x0000000089700000| Untracked 
| 152|0x0000000089800000, 0x0000000089800000, 0x0000000089900000|  0%| F|  |TAMS 0x0000000089800000, 0x0000000089800000| Untracked 
| 153|0x0000000089900000, 0x0000000089900000, 0x0000000089a00000|  0%| F|  |TAMS 0x0000000089900000, 0x0000000089900000| Untracked 
| 154|0x0000000089a00000, 0x0000000089a00000, 0x0000000089b00000|  0%| F|  |TAMS 0x0000000089a00000, 0x0000000089a00000| Untracked 
| 155|0x0000000089b00000, 0x0000000089b00000, 0x0000000089c00000|  0%| F|  |TAMS 0x0000000089b00000, 0x0000000089b00000| Untracked 
| 156|0x0000000089c00000, 0x0000000089c00000, 0x0000000089d00000|  0%| F|  |TAMS 0x0000000089c00000, 0x0000000089c00000| Untracked 
| 157|0x0000000089d00000, 0x0000000089d00000, 0x0000000089e00000|  0%| F|  |TAMS 0x0000000089d00000, 0x0000000089d00000| Untracked 
| 158|0x0000000089e00000, 0x0000000089e00000, 0x0000000089f00000|  0%| F|  |TAMS 0x0000000089e00000, 0x0000000089e00000| Untracked 
| 159|0x0000000089f00000, 0x0000000089f00000, 0x000000008a000000|  0%| F|  |TAMS 0x0000000089f00000, 0x0000000089f00000| Untracked 
| 160|0x000000008a000000, 0x000000008a000000, 0x000000008a100000|  0%| F|  |TAMS 0x000000008a000000, 0x000000008a000000| Untracked 
| 161|0x000000008a100000, 0x000000008a100000, 0x000000008a200000|  0%| F|  |TAMS 0x000000008a100000, 0x000000008a100000| Untracked 
| 162|0x000000008a200000, 0x000000008a200000, 0x000000008a300000|  0%| F|  |TAMS 0x000000008a200000, 0x000000008a200000| Untracked 
| 163|0x000000008a300000, 0x000000008a300000, 0x000000008a400000|  0%| F|  |TAMS 0x000000008a300000, 0x000000008a300000| Untracked 
| 164|0x000000008a400000, 0x000000008a400000, 0x000000008a500000|  0%| F|  |TAMS 0x000000008a400000, 0x000000008a400000| Untracked 
| 165|0x000000008a500000, 0x000000008a500000, 0x000000008a600000|  0%| F|  |TAMS 0x000000008a500000, 0x000000008a500000| Untracked 
| 166|0x000000008a600000, 0x000000008a600000, 0x000000008a700000|  0%| F|  |TAMS 0x000000008a600000, 0x000000008a600000| Untracked 
| 167|0x000000008a700000, 0x000000008a700000, 0x000000008a800000|  0%| F|  |TAMS 0x000000008a700000, 0x000000008a700000| Untracked 
| 168|0x000000008a800000, 0x000000008a800000, 0x000000008a900000|  0%| F|  |TAMS 0x000000008a800000, 0x000000008a800000| Untracked 
| 169|0x000000008a900000, 0x000000008a900000, 0x000000008aa00000|  0%| F|  |TAMS 0x000000008a900000, 0x000000008a900000| Untracked 
| 170|0x000000008aa00000, 0x000000008aa00000, 0x000000008ab00000|  0%| F|  |TAMS 0x000000008aa00000, 0x000000008aa00000| Untracked 
| 171|0x000000008ab00000, 0x000000008ab00000, 0x000000008ac00000|  0%| F|  |TAMS 0x000000008ab00000, 0x000000008ab00000| Untracked 
| 172|0x000000008ac00000, 0x000000008ac00000, 0x000000008ad00000|  0%| F|  |TAMS 0x000000008ac00000, 0x000000008ac00000| Untracked 
| 173|0x000000008ad00000, 0x000000008ad00000, 0x000000008ae00000|  0%| F|  |TAMS 0x000000008ad00000, 0x000000008ad00000| Untracked 
| 174|0x000000008ae00000, 0x000000008ae00000, 0x000000008af00000|  0%| F|  |TAMS 0x000000008ae00000, 0x000000008ae00000| Untracked 
| 175|0x000000008af00000, 0x000000008af00000, 0x000000008b000000|  0%| F|  |TAMS 0x000000008af00000, 0x000000008af00000| Untracked 
| 176|0x000000008b000000, 0x000000008b000000, 0x000000008b100000|  0%| F|  |TAMS 0x000000008b000000, 0x000000008b000000| Untracked 
| 177|0x000000008b100000, 0x000000008b100000, 0x000000008b200000|  0%| F|  |TAMS 0x000000008b100000, 0x000000008b100000| Untracked 
| 178|0x000000008b200000, 0x000000008b200000, 0x000000008b300000|  0%| F|  |TAMS 0x000000008b200000, 0x000000008b200000| Untracked 
| 179|0x000000008b300000, 0x000000008b300000, 0x000000008b400000|  0%| F|  |TAMS 0x000000008b300000, 0x000000008b300000| Untracked 
| 180|0x000000008b400000, 0x000000008b400000, 0x000000008b500000|  0%| F|  |TAMS 0x000000008b400000, 0x000000008b400000| Untracked 
| 181|0x000000008b500000, 0x000000008b5ab0a0, 0x000000008b600000| 66%| E|  |TAMS 0x000000008b500000, 0x000000008b500000| Complete 
| 182|0x000000008b600000, 0x000000008b700000, 0x000000008b700000|100%| E|CS|TAMS 0x000000008b600000, 0x000000008b600000| Complete 
| 183|0x000000008b700000, 0x000000008b800000, 0x000000008b800000|100%| E|CS|TAMS 0x000000008b700000, 0x000000008b700000| Complete 
| 184|0x000000008b800000, 0x000000008b900000, 0x000000008b900000|100%| E|CS|TAMS 0x000000008b800000, 0x000000008b800000| Complete 
| 185|0x000000008b900000, 0x000000008ba00000, 0x000000008ba00000|100%| E|CS|TAMS 0x000000008b900000, 0x000000008b900000| Complete 
| 186|0x000000008ba00000, 0x000000008bb00000, 0x000000008bb00000|100%| E|CS|TAMS 0x000000008ba00000, 0x000000008ba00000| Complete 
| 187|0x000000008bb00000, 0x000000008bc00000, 0x000000008bc00000|100%| E|CS|TAMS 0x000000008bb00000, 0x000000008bb00000| Complete 
| 188|0x000000008bc00000, 0x000000008bd00000, 0x000000008bd00000|100%| E|CS|TAMS 0x000000008bc00000, 0x000000008bc00000| Complete 
| 189|0x000000008bd00000, 0x000000008be00000, 0x000000008be00000|100%| E|CS|TAMS 0x000000008bd00000, 0x000000008bd00000| Complete 
| 190|0x000000008be00000, 0x000000008bf00000, 0x000000008bf00000|100%| E|CS|TAMS 0x000000008be00000, 0x000000008be00000| Complete 
| 191|0x000000008bf00000, 0x000000008bffff10, 0x000000008c000000| 99%| E|  |TAMS 0x000000008bf00000, 0x000000008bf00000| Complete 
| 192|0x000000008c000000, 0x000000008c100000, 0x000000008c100000|100%| E|CS|TAMS 0x000000008c000000, 0x000000008c000000| Complete 
| 193|0x000000008c100000, 0x000000008c200000, 0x000000008c200000|100%| E|CS|TAMS 0x000000008c100000, 0x000000008c100000| Complete 
| 194|0x000000008c200000, 0x000000008c300000, 0x000000008c300000|100%| E|CS|TAMS 0x000000008c200000, 0x000000008c200000| Complete 
| 195|0x000000008c300000, 0x000000008c400000, 0x000000008c400000|100%| E|CS|TAMS 0x000000008c300000, 0x000000008c300000| Complete 
| 196|0x000000008c400000, 0x000000008c500000, 0x000000008c500000|100%| E|CS|TAMS 0x000000008c400000, 0x000000008c400000| Complete 
| 197|0x000000008c500000, 0x000000008c600000, 0x000000008c600000|100%| E|CS|TAMS 0x000000008c500000, 0x000000008c500000| Complete 
| 198|0x000000008c600000, 0x000000008c700000, 0x000000008c700000|100%| E|CS|TAMS 0x000000008c600000, 0x000000008c600000| Complete 
| 199|0x000000008c700000, 0x000000008c800000, 0x000000008c800000|100%| E|CS|TAMS 0x000000008c700000, 0x000000008c700000| Complete 
| 200|0x000000008c800000, 0x000000008c900000, 0x000000008c900000|100%| E|CS|TAMS 0x000000008c800000, 0x000000008c800000| Complete 
| 201|0x000000008c900000, 0x000000008ca00000, 0x000000008ca00000|100%| E|CS|TAMS 0x000000008c900000, 0x000000008c900000| Complete 
| 202|0x000000008ca00000, 0x000000008cb00000, 0x000000008cb00000|100%| E|CS|TAMS 0x000000008ca00000, 0x000000008ca00000| Complete 
| 203|0x000000008cb00000, 0x000000008cc00000, 0x000000008cc00000|100%| E|CS|TAMS 0x000000008cb00000, 0x000000008cb00000| Complete 
| 204|0x000000008cc00000, 0x000000008cd00000, 0x000000008cd00000|100%| E|CS|TAMS 0x000000008cc00000, 0x000000008cc00000| Complete 
| 205|0x000000008cd00000, 0x000000008ce00000, 0x000000008ce00000|100%| E|CS|TAMS 0x000000008cd00000, 0x000000008cd00000| Complete 
| 206|0x000000008ce00000, 0x000000008cf00000, 0x000000008cf00000|100%| E|CS|TAMS 0x000000008ce00000, 0x000000008ce00000| Complete 
| 207|0x000000008cf00000, 0x000000008d000000, 0x000000008d000000|100%| E|CS|TAMS 0x000000008cf00000, 0x000000008cf00000| Complete 
| 208|0x000000008d000000, 0x000000008d100000, 0x000000008d100000|100%| E|CS|TAMS 0x000000008d000000, 0x000000008d000000| Complete 
| 209|0x000000008d100000, 0x000000008d200000, 0x000000008d200000|100%| E|CS|TAMS 0x000000008d100000, 0x000000008d100000| Complete 
| 210|0x000000008d200000, 0x000000008d300000, 0x000000008d300000|100%| E|CS|TAMS 0x000000008d200000, 0x000000008d200000| Complete 
| 211|0x000000008d300000, 0x000000008d400000, 0x000000008d400000|100%| E|CS|TAMS 0x000000008d300000, 0x000000008d300000| Complete 
| 212|0x000000008d400000, 0x000000008d500000, 0x000000008d500000|100%| E|CS|TAMS 0x000000008d400000, 0x000000008d400000| Complete 
| 213|0x000000008d500000, 0x000000008d600000, 0x000000008d600000|100%| E|CS|TAMS 0x000000008d500000, 0x000000008d500000| Complete 
| 214|0x000000008d600000, 0x000000008d700000, 0x000000008d700000|100%| E|CS|TAMS 0x000000008d600000, 0x000000008d600000| Complete 
| 215|0x000000008d700000, 0x000000008d800000, 0x000000008d800000|100%| E|CS|TAMS 0x000000008d700000, 0x000000008d700000| Complete 
| 216|0x000000008d800000, 0x000000008d900000, 0x000000008d900000|100%| E|CS|TAMS 0x000000008d800000, 0x000000008d800000| Complete 
| 217|0x000000008d900000, 0x000000008da00000, 0x000000008da00000|100%| E|CS|TAMS 0x000000008d900000, 0x000000008d900000| Complete 
| 218|0x000000008da00000, 0x000000008db00000, 0x000000008db00000|100%| E|CS|TAMS 0x000000008da00000, 0x000000008da00000| Complete 
| 219|0x000000008db00000, 0x000000008dc00000, 0x000000008dc00000|100%| E|CS|TAMS 0x000000008db00000, 0x000000008db00000| Complete 
| 220|0x000000008dc00000, 0x000000008dd00000, 0x000000008dd00000|100%| E|CS|TAMS 0x000000008dc00000, 0x000000008dc00000| Complete 
| 221|0x000000008dd00000, 0x000000008de00000, 0x000000008de00000|100%| E|CS|TAMS 0x000000008dd00000, 0x000000008dd00000| Complete 
| 222|0x000000008de00000, 0x000000008df00000, 0x000000008df00000|100%| E|CS|TAMS 0x000000008de00000, 0x000000008de00000| Complete 
| 223|0x000000008df00000, 0x000000008e000000, 0x000000008e000000|100%| E|CS|TAMS 0x000000008df00000, 0x000000008df00000| Complete 
| 224|0x000000008e000000, 0x000000008e100000, 0x000000008e100000|100%| E|CS|TAMS 0x000000008e000000, 0x000000008e000000| Complete 
| 225|0x000000008e100000, 0x000000008e200000, 0x000000008e200000|100%| E|CS|TAMS 0x000000008e100000, 0x000000008e100000| Complete 
| 226|0x000000008e200000, 0x000000008e300000, 0x000000008e300000|100%| E|CS|TAMS 0x000000008e200000, 0x000000008e200000| Complete 
| 227|0x000000008e300000, 0x000000008e400000, 0x000000008e400000|100%| E|CS|TAMS 0x000000008e300000, 0x000000008e300000| Complete 
| 228|0x000000008e400000, 0x000000008e500000, 0x000000008e500000|100%| E|CS|TAMS 0x000000008e400000, 0x000000008e400000| Complete 
| 229|0x000000008e500000, 0x000000008e600000, 0x000000008e600000|100%| E|CS|TAMS 0x000000008e500000, 0x000000008e500000| Complete 
| 230|0x000000008e600000, 0x000000008e700000, 0x000000008e700000|100%| E|CS|TAMS 0x000000008e600000, 0x000000008e600000| Complete 
| 231|0x000000008e700000, 0x000000008e800000, 0x000000008e800000|100%| E|CS|TAMS 0x000000008e700000, 0x000000008e700000| Complete 
| 232|0x000000008e800000, 0x000000008e900000, 0x000000008e900000|100%| E|CS|TAMS 0x000000008e800000, 0x000000008e800000| Complete 
| 233|0x000000008e900000, 0x000000008ea00000, 0x000000008ea00000|100%| E|CS|TAMS 0x000000008e900000, 0x000000008e900000| Complete 
| 234|0x000000008ea00000, 0x000000008eb00000, 0x000000008eb00000|100%| E|CS|TAMS 0x000000008ea00000, 0x000000008ea00000| Complete 
| 235|0x000000008eb00000, 0x000000008ec00000, 0x000000008ec00000|100%| E|CS|TAMS 0x000000008eb00000, 0x000000008eb00000| Complete 
| 236|0x000000008ec00000, 0x000000008ed00000, 0x000000008ed00000|100%| E|CS|TAMS 0x000000008ec00000, 0x000000008ec00000| Complete 
| 237|0x000000008ed00000, 0x000000008ee00000, 0x000000008ee00000|100%| E|CS|TAMS 0x000000008ed00000, 0x000000008ed00000| Complete 
| 238|0x000000008ee00000, 0x000000008ef00000, 0x000000008ef00000|100%| E|CS|TAMS 0x000000008ee00000, 0x000000008ee00000| Complete 
| 239|0x000000008ef00000, 0x000000008f000000, 0x000000008f000000|100%| E|CS|TAMS 0x000000008ef00000, 0x000000008ef00000| Complete 
| 240|0x000000008f000000, 0x000000008f100000, 0x000000008f100000|100%| E|CS|TAMS 0x000000008f000000, 0x000000008f000000| Complete 
| 241|0x000000008f100000, 0x000000008f200000, 0x000000008f200000|100%| E|CS|TAMS 0x000000008f100000, 0x000000008f100000| Complete 
| 242|0x000000008f200000, 0x000000008f300000, 0x000000008f300000|100%| E|CS|TAMS 0x000000008f200000, 0x000000008f200000| Complete 
| 243|0x000000008f300000, 0x000000008f400000, 0x000000008f400000|100%| E|CS|TAMS 0x000000008f300000, 0x000000008f300000| Complete 
| 244|0x000000008f400000, 0x000000008f500000, 0x000000008f500000|100%| E|CS|TAMS 0x000000008f400000, 0x000000008f400000| Complete 
| 245|0x000000008f500000, 0x000000008f600000, 0x000000008f600000|100%| E|CS|TAMS 0x000000008f500000, 0x000000008f500000| Complete 
| 246|0x000000008f600000, 0x000000008f700000, 0x000000008f700000|100%| E|CS|TAMS 0x000000008f600000, 0x000000008f600000| Complete 
| 247|0x000000008f700000, 0x000000008f800000, 0x000000008f800000|100%| E|CS|TAMS 0x000000008f700000, 0x000000008f700000| Complete 
| 248|0x000000008f800000, 0x000000008f900000, 0x000000008f900000|100%| E|CS|TAMS 0x000000008f800000, 0x000000008f800000| Complete 
| 249|0x000000008f900000, 0x000000008fa00000, 0x000000008fa00000|100%| E|CS|TAMS 0x000000008f900000, 0x000000008f900000| Complete 
| 250|0x000000008fa00000, 0x000000008fb00000, 0x000000008fb00000|100%| E|CS|TAMS 0x000000008fa00000, 0x000000008fa00000| Complete 
| 251|0x000000008fb00000, 0x000000008fc00000, 0x000000008fc00000|100%| E|CS|TAMS 0x000000008fb00000, 0x000000008fb00000| Complete 
| 252|0x000000008fc00000, 0x000000008fd00000, 0x000000008fd00000|100%| E|CS|TAMS 0x000000008fc00000, 0x000000008fc00000| Complete 
| 253|0x000000008fd00000, 0x000000008fe00000, 0x000000008fe00000|100%| E|CS|TAMS 0x000000008fd00000, 0x000000008fd00000| Complete 
| 254|0x000000008fe00000, 0x000000008ff00000, 0x000000008ff00000|100%| E|CS|TAMS 0x000000008fe00000, 0x000000008fe00000| Complete 
| 255|0x000000008ff00000, 0x0000000090000000, 0x0000000090000000|100%| E|CS|TAMS 0x000000008ff00000, 0x000000008ff00000| Complete 

Card table byte_map: [0x000001e8fa360000,0x000001e8fa760000] _byte_map_base: 0x000001e8f9f60000

Marking Bits (Prev, Next): (CMBitMap*) 0x000001e8f6184a78, (CMBitMap*) 0x000001e8f6184ab0
 Prev Bits: [0x000001e8fab60000, 0x000001e8fcb60000)
 Next Bits: [0x000001e8fcb60000, 0x000001e8feb60000)

Polling page: 0x000001e8f5910000

Metaspace:

Usage:
  Non-class:     93.70 MB capacity,    91.87 MB ( 98%) used,     1.49 MB (  2%) free+waste,   353.63 KB ( <1%) overhead. 
      Class:     14.58 MB capacity,    13.46 MB ( 92%) used,   979.11 KB (  7%) free+waste,   170.06 KB (  1%) overhead. 
       Both:    108.28 MB capacity,   105.33 MB ( 97%) used,     2.44 MB (  2%) free+waste,   523.69 KB ( <1%) overhead. 

Virtual space:
  Non-class space:       94.00 MB reserved,      93.93 MB (>99%) committed 
      Class space:        1.00 GB reserved,      14.70 MB (  1%) committed 
             Both:        1.09 GB reserved,     108.63 MB ( 10%) committed 

Chunk freelists:
   Non-Class:  0 bytes
       Class:  0 bytes
        Both:  0 bytes

MaxMetaspaceSize: 17179869184.00 GB
CompressedClassSpaceSize: 1.00 GB

CodeHeap 'non-profiled nmethods': size=120000Kb used=9040Kb max_used=9040Kb free=110959Kb
 bounds [0x000001e887ad0000, 0x000001e8883b0000, 0x000001e88f000000]
CodeHeap 'profiled nmethods': size=120000Kb used=31186Kb max_used=31186Kb free=88813Kb
 bounds [0x000001e8805a0000, 0x000001e882420000, 0x000001e887ad0000]
CodeHeap 'non-nmethods': size=5760Kb used=2332Kb max_used=2374Kb free=3427Kb
 bounds [0x000001e880000000, 0x000001e880270000, 0x000001e8805a0000]
 total_blobs=14862 nmethods=13918 adapters=854
 compilation: enabled
              stopped_count=0, restarted_count=0
 full_count=0

Compilation events (20 events):
Event: 22.405 Thread 0x000001e8910b8800 nmethod 14013 0x000001e8823a4e10 code [0x000001e8823a4fe0, 0x000001e8823a5448]
Event: 22.405 Thread 0x000001e8910b8800 14012       2       com.android.tools.r8.internal.u6::get (5 bytes)
Event: 22.405 Thread 0x000001e8910b8800 nmethod 14012 0x000001e8823a5610 code [0x000001e8823a57c0, 0x000001e8823a58c8]
Event: 22.405 Thread 0x000001e8910b8800 14008       1       com.android.tools.r8.synthesis.r::a (5 bytes)
Event: 22.406 Thread 0x000001e8910b8800 nmethod 14008 0x000001e88838e710 code [0x000001e88838e8c0, 0x000001e88838e958]
Event: 22.406 Thread 0x000001e8910b8800 14009       1       com.android.tools.r8.synthesis.r::b (5 bytes)
Event: 22.406 Thread 0x000001e8910b8800 nmethod 14009 0x000001e88838ea10 code [0x000001e88838ebc0, 0x000001e88838ec58]
Event: 22.406 Thread 0x000001e8910b8800 13998       1       com.android.tools.r8.graph.B0$b::a (5 bytes)
Event: 22.406 Thread 0x000001e8910b8800 nmethod 13998 0x000001e88838ed10 code [0x000001e88838eec0, 0x000001e88838ef58]
Event: 22.406 Thread 0x000001e8910b8800 13999       1       com.android.tools.r8.graph.B0$b::b (5 bytes)
Event: 22.406 Thread 0x000001e8910b8800 nmethod 13999 0x000001e88838f010 code [0x000001e88838f1c0, 0x000001e88838f258]
Event: 22.406 Thread 0x000001e8910b8800 14000       1       com.android.tools.r8.graph.B0$b::c (5 bytes)
Event: 22.406 Thread 0x000001e8910b8800 nmethod 14000 0x000001e88838f310 code [0x000001e88838f4c0, 0x000001e88838f558]
Event: 22.406 Thread 0x000001e8910b8800 14016       2       com.android.tools.r8.internal.U6::<init> (454 bytes)
Event: 22.408 Thread 0x000001e8910b8800 nmethod 14016 0x000001e8823a5990 code [0x000001e8823a5c00, 0x000001e8823a6818]
Event: 22.408 Thread 0x000001e8910b8800 14017       2       com.android.tools.r8.internal.U6::a (131 bytes)
Event: 22.409 Thread 0x000001e8910b8800 nmethod 14017 0x000001e8823a6e10 code [0x000001e8823a7000, 0x000001e8823a7598]
Event: 22.409 Thread 0x000001e8910b8800 14018 %     3       com.android.tools.r8.internal.U6::a @ 2458 (4191 bytes)
Event: 22.430 Thread 0x000001e8910b3800 nmethod 13891 0x000001e88838f610 code [0x000001e88838f880, 0x000001e888390a00]
Event: 22.430 Thread 0x000001e8910b3800 13969       4       com.android.tools.r8.internal.U6::a (148 bytes)

GC Heap History (20 events):
Event: 4.058 GC heap before
{Heap before GC invocations=3 (full 0):
 garbage-first heap   total 262144K, used 78777K [0x0000000080000000, 0x0000000100000000)
  region size 1024K, 72 young (73728K), 10 survivors (10240K)
 Metaspace       used 26536K, capacity 27264K, committed 27392K, reserved 1073152K
  class space    used 3493K, capacity 3755K, committed 3840K, reserved 1048576K
}
Event: 4.065 GC heap after
{Heap after GC invocations=4 (full 0):
 garbage-first heap   total 262144K, used 19020K [0x0000000080000000, 0x0000000100000000)
  region size 1024K, 3 young (3072K), 3 survivors (3072K)
 Metaspace       used 26536K, capacity 27264K, committed 27392K, reserved 1073152K
  class space    used 3493K, capacity 3755K, committed 3840K, reserved 1048576K
}
Event: 5.022 GC heap before
{Heap before GC invocations=4 (full 0):
 garbage-first heap   total 262144K, used 67148K [0x0000000080000000, 0x0000000100000000)
  region size 1024K, 52 young (53248K), 3 survivors (3072K)
 Metaspace       used 35083K, capacity 35826K, committed 35840K, reserved 1081344K
  class space    used 4547K, capacity 4864K, committed 4864K, reserved 1048576K
}
Event: 5.029 GC heap after
{Heap after GC invocations=5 (full 0):
 garbage-first heap   total 262144K, used 22262K [0x0000000080000000, 0x0000000100000000)
  region size 1024K, 6 young (6144K), 6 survivors (6144K)
 Metaspace       used 35083K, capacity 35826K, committed 35840K, reserved 1081344K
  class space    used 4547K, capacity 4864K, committed 4864K, reserved 1048576K
}
Event: 6.306 GC heap before
{Heap before GC invocations=6 (full 0):
 garbage-first heap   total 262144K, used 134902K [0x0000000080000000, 0x0000000100000000)
  region size 1024K, 113 young (115712K), 6 survivors (6144K)
 Metaspace       used 43877K, capacity 44964K, committed 45260K, reserved 1089536K
  class space    used 5618K, capacity 6003K, committed 6092K, reserved 1048576K
}
Event: 6.315 GC heap after
{Heap after GC invocations=7 (full 0):
 garbage-first heap   total 262144K, used 28444K [0x0000000080000000, 0x0000000100000000)
  region size 1024K, 12 young (12288K), 12 survivors (12288K)
 Metaspace       used 43877K, capacity 44964K, committed 45260K, reserved 1089536K
  class space    used 5618K, capacity 6003K, committed 6092K, reserved 1048576K
}
Event: 8.270 GC heap before
{Heap before GC invocations=7 (full 0):
 garbage-first heap   total 262144K, used 164636K [0x0000000080000000, 0x0000000100000000)
  region size 1024K, 141 young (144384K), 12 survivors (12288K)
 Metaspace       used 56178K, capacity 57579K, committed 57932K, reserved 1099776K
  class space    used 7128K, capacity 7647K, committed 7756K, reserved 1048576K
}
Event: 8.283 GC heap after
{Heap after GC invocations=8 (full 0):
 garbage-first heap   total 262144K, used 42460K [0x0000000080000000, 0x0000000100000000)
  region size 1024K, 17 young (17408K), 17 survivors (17408K)
 Metaspace       used 56178K, capacity 57579K, committed 57932K, reserved 1099776K
  class space    used 7128K, capacity 7647K, committed 7756K, reserved 1048576K
}
Event: 8.587 GC heap before
{Heap before GC invocations=8 (full 0):
 garbage-first heap   total 262144K, used 56796K [0x0000000080000000, 0x0000000100000000)
  region size 1024K, 32 young (32768K), 17 survivors (17408K)
 Metaspace       used 58545K, capacity 60066K, committed 60288K, reserved 1101824K
  class space    used 7437K, capacity 8030K, committed 8140K, reserved 1048576K
}
Event: 8.607 GC heap after
{Heap after GC invocations=9 (full 0):
 garbage-first heap   total 262144K, used 44435K [0x0000000080000000, 0x0000000100000000)
  region size 1024K, 13 young (13312K), 13 survivors (13312K)
 Metaspace       used 58545K, capacity 60066K, committed 60288K, reserved 1101824K
  class space    used 7437K, capacity 8030K, committed 8140K, reserved 1048576K
}
Event: 11.073 GC heap before
{Heap before GC invocations=10 (full 0):
 garbage-first heap   total 262144K, used 187795K [0x0000000080000000, 0x0000000100000000)
  region size 1024K, 153 young (156672K), 13 survivors (13312K)
 Metaspace       used 70692K, capacity 72374K, committed 72576K, reserved 1112064K
  class space    used 9203K, capacity 9815K, committed 9932K, reserved 1048576K
}
Event: 11.121 GC heap after
{Heap after GC invocations=11 (full 0):
 garbage-first heap   total 262144K, used 55325K [0x0000000080000000, 0x0000000100000000)
  region size 1024K, 13 young (13312K), 13 survivors (13312K)
 Metaspace       used 70692K, capacity 72374K, committed 72576K, reserved 1112064K
  class space    used 9203K, capacity 9815K, committed 9932K, reserved 1048576K
}
Event: 13.301 GC heap before
{Heap before GC invocations=12 (full 0):
 garbage-first heap   total 262144K, used 195613K [0x0000000080000000, 0x0000000100000000)
  region size 1024K, 149 young (152576K), 13 survivors (13312K)
 Metaspace       used 80410K, capacity 82558K, committed 82688K, reserved 1120256K
  class space    used 10517K, capacity 11317K, committed 11340K, reserved 1048576K
}
Event: 13.322 GC heap after
{Heap after GC invocations=13 (full 0):
 garbage-first heap   total 262144K, used 74372K [0x0000000080000000, 0x0000000100000000)
  region size 1024K, 19 young (19456K), 19 survivors (19456K)
 Metaspace       used 80410K, capacity 82558K, committed 82688K, reserved 1120256K
  class space    used 10517K, capacity 11317K, committed 11340K, reserved 1048576K
}
Event: 16.244 GC heap before
{Heap before GC invocations=13 (full 0):
 garbage-first heap   total 262144K, used 211588K [0x0000000080000000, 0x0000000100000000)
  region size 1024K, 136 young (139264K), 19 survivors (19456K)
 Metaspace       used 84420K, capacity 86570K, committed 86912K, reserved 1124352K
  class space    used 10840K, capacity 11637K, committed 11724K, reserved 1048576K
}
Event: 16.261 GC heap after
{Heap after GC invocations=14 (full 0):
 garbage-first heap   total 262144K, used 80203K [0x0000000080000000, 0x0000000100000000)
  region size 1024K, 9 young (9216K), 9 survivors (9216K)
 Metaspace       used 84420K, capacity 86570K, committed 86912K, reserved 1124352K
  class space    used 10840K, capacity 11637K, committed 11724K, reserved 1048576K
}
Event: 19.539 GC heap before
{Heap before GC invocations=14 (full 0):
 garbage-first heap   total 262144K, used 196939K [0x0000000080000000, 0x0000000100000000)
  region size 1024K, 124 young (126976K), 9 survivors (9216K)
 Metaspace       used 91419K, capacity 93641K, committed 93824K, reserved 1130496K
  class space    used 11586K, capacity 12429K, committed 12492K, reserved 1048576K
}
Event: 19.550 GC heap after
{Heap after GC invocations=15 (full 0):
 garbage-first heap   total 262144K, used 82678K [0x0000000080000000, 0x0000000100000000)
  region size 1024K, 12 young (12288K), 12 survivors (12288K)
 Metaspace       used 91419K, capacity 93641K, committed 93824K, reserved 1130496K
  class space    used 11586K, capacity 12429K, committed 12492K, reserved 1048576K
}
Event: 21.299 GC heap before
{Heap before GC invocations=15 (full 0):
 garbage-first heap   total 262144K, used 202486K [0x0000000080000000, 0x0000000100000000)
  region size 1024K, 128 young (131072K), 12 survivors (12288K)
 Metaspace       used 99890K, capacity 102325K, committed 102528K, reserved 1138688K
  class space    used 12601K, capacity 13485K, committed 13516K, reserved 1048576K
}
Event: 21.316 GC heap after
{Heap after GC invocations=16 (full 0):
 garbage-first heap   total 262144K, used 94909K [0x0000000080000000, 0x0000000100000000)
  region size 1024K, 16 young (16384K), 16 survivors (16384K)
 Metaspace       used 99890K, capacity 102325K, committed 102528K, reserved 1138688K
  class space    used 12601K, capacity 13485K, committed 13516K, reserved 1048576K
}

Deoptimization events (20 events):
Event: 22.079 Thread 0x000001e896ed3800 Uncommon trap: trap_request=0xffffffde fr.pc=0x000001e88830db90 relative=0x00000000000009b0
Event: 22.079 Thread 0x000001e896ed3800 Uncommon trap: reason=class_check action=maybe_recompile pc=0x000001e88830db90 method=sun.nio.fs.WindowsPath.compareTo(Ljava/nio/file/Path;)I @ 18 c2
Event: 22.079 Thread 0x000001e896ed3800 DEOPT PACKING pc=0x000001e88830db90 sp=0x0000003a51afd350
Event: 22.079 Thread 0x000001e896ed3800 DEOPT UNPACKING pc=0x000001e88002782f sp=0x0000003a51afd2c0 mode 2
Event: 22.082 Thread 0x000001e896ed3800 Uncommon trap: trap_request=0xffffff4d fr.pc=0x000001e8882f4bc4 relative=0x00000000000008c4
Event: 22.082 Thread 0x000001e896ed3800 Uncommon trap: reason=unstable_if action=reinterpret pc=0x000001e8882f4bc4 method=sun.nio.ch.Util.getTemporaryDirectBuffer(I)Ljava/nio/ByteBuffer; @ 29 c2
Event: 22.082 Thread 0x000001e896ed3800 DEOPT PACKING pc=0x000001e8882f4bc4 sp=0x0000003a51afcf60
Event: 22.082 Thread 0x000001e896ed3800 DEOPT UNPACKING pc=0x000001e88002782f sp=0x0000003a51afcea0 mode 2
Event: 22.108 Thread 0x000001e896ed9800 Uncommon trap: trap_request=0xffffff4d fr.pc=0x000001e8880f0c70 relative=0x0000000000001710
Event: 22.108 Thread 0x000001e896ed9800 Uncommon trap: reason=unstable_if action=reinterpret pc=0x000001e8880f0c70 method=java.util.concurrent.ConcurrentHashMap.putVal(Ljava/lang/Object;Ljava/lang/Object;Z)Ljava/lang/Object; @ 162 c2
Event: 22.108 Thread 0x000001e896ed9800 DEOPT PACKING pc=0x000001e8880f0c70 sp=0x0000003a520f8db0
Event: 22.108 Thread 0x000001e896ed9800 DEOPT UNPACKING pc=0x000001e88002782f sp=0x0000003a520f8d68 mode 2
Event: 22.108 Thread 0x000001e896ed9800 Uncommon trap: trap_request=0xffffff4d fr.pc=0x000001e887fc7740 relative=0x0000000000000160
Event: 22.108 Thread 0x000001e896ed9800 Uncommon trap: reason=unstable_if action=reinterpret pc=0x000001e887fc7740 method=com.google.common.collect.MapMakerInternalMap$Segment.getEntry(Ljava/lang/Object;I)Lcom/google/common/collect/MapMakerInternalMap$InternalEntry; @ 63 c2
Event: 22.108 Thread 0x000001e896ed9800 DEOPT PACKING pc=0x000001e887fc7740 sp=0x0000003a520f8c90
Event: 22.108 Thread 0x000001e896ed9800 DEOPT UNPACKING pc=0x000001e88002782f sp=0x0000003a520f8c48 mode 2
Event: 22.108 Thread 0x000001e896ed9800 Uncommon trap: trap_request=0xffffff4d fr.pc=0x000001e887fe6e6c relative=0x0000000000001bac
Event: 22.108 Thread 0x000001e896ed9800 Uncommon trap: reason=unstable_if action=reinterpret pc=0x000001e887fe6e6c method=com.google.common.collect.MapMakerInternalMap$Segment.put(Ljava/lang/Object;ILjava/lang/Object;Z)Ljava/lang/Object; @ 92 c2
Event: 22.108 Thread 0x000001e896ed9800 DEOPT PACKING pc=0x000001e887fe6e6c sp=0x0000003a520f8cd0
Event: 22.108 Thread 0x000001e896ed9800 DEOPT UNPACKING pc=0x000001e88002782f sp=0x0000003a520f8c78 mode 2

Classes redefined (0 events):
No events

Internal exceptions (20 events):
Event: 21.723 Thread 0x000001e8930ee800 Exception <a 'sun/nio/fs/WindowsException'{0x000000008f0d4098}> (0x000000008f0d4098) thrown at [./src/hotspot/share/prims/jni.cpp, line 615]
Event: 21.771 Thread 0x000001e8930ee800 Exception <a 'sun/nio/fs/WindowsException'{0x000000008f0ecf70}> (0x000000008f0ecf70) thrown at [./src/hotspot/share/prims/jni.cpp, line 615]
Event: 21.819 Thread 0x000001e8930ee800 Exception <a 'sun/nio/fs/WindowsException'{0x000000008edce7f8}> (0x000000008edce7f8) thrown at [./src/hotspot/share/prims/jni.cpp, line 615]
Event: 21.823 Thread 0x000001e8930ee800 Exception <a 'sun/nio/fs/WindowsException'{0x000000008edd9ed8}> (0x000000008edd9ed8) thrown at [./src/hotspot/share/prims/jni.cpp, line 615]
Event: 21.828 Thread 0x000001e8930ee800 Exception <a 'sun/nio/fs/WindowsException'{0x000000008ede7820}> (0x000000008ede7820) thrown at [./src/hotspot/share/prims/jni.cpp, line 615]
Event: 21.884 Thread 0x000001e893cba000 Exception <a 'java/lang/NoSuchMethodError'{0x000000008ea13f68}: <clinit>> (0x000000008ea13f68) thrown at [./src/hotspot/share/prims/jni.cpp, line 1362]
Event: 21.995 Thread 0x000001e8930ee800 Exception <a 'sun/nio/fs/WindowsException'{0x000000008e55e2f0}> (0x000000008e55e2f0) thrown at [./src/hotspot/share/prims/jni.cpp, line 615]
Event: 22.009 Thread 0x000001e8930ee800 Exception <a 'java/lang/NoSuchMethodError'{0x000000008e5fe528}: <clinit>> (0x000000008e5fe528) thrown at [./src/hotspot/share/prims/jni.cpp, line 1362]
Event: 22.091 Thread 0x000001e896ed3800 Exception <a 'sun/nio/fs/WindowsException'{0x000000008ddf0628}> (0x000000008ddf0628) thrown at [./src/hotspot/share/prims/jni.cpp, line 615]
Event: 22.091 Thread 0x000001e896ed9800 Exception <a 'sun/nio/fs/WindowsException'{0x000000008de299d8}> (0x000000008de299d8) thrown at [./src/hotspot/share/prims/jni.cpp, line 615]
Event: 22.091 Thread 0x000001e8930f2000 Exception <a 'sun/nio/fs/WindowsException'{0x000000008dfeb588}> (0x000000008dfeb588) thrown at [./src/hotspot/share/prims/jni.cpp, line 615]
Event: 22.235 Thread 0x000001e8930f2000 Exception <a 'java/lang/NoSuchMethodError'{0x000000008d262b60}: 'java.lang.Object java.lang.invoke.DirectMethodHandle$Holder.invokeStatic(java.lang.Object, java.lang.Object, java.lang.Object, java.lang.Object, java.lang.Object, java.lang.Object, java.lang.Object, java.lang.Object, java.lang.Object, java.lang.Object, java.lang.Object, java.lang.Object, java.lang.Object, java.lang.Object, java.lang.Object, java.lang.Object, java.lang.Object, java.lang.Object, int, java.lang.Object)'> (0x000000008d262b60) thr
Event: 22.235 Thread 0x000001e8930f2000 Exception <a 'java/lang/NoSuchMethodError'{0x000000008d268698}: 'java.lang.Object java.lang.invoke.DirectMethodHandle$Holder.invokeStaticInit(java.lang.Object, java.lang.Object, java.lang.Object, java.lang.Object, java.lang.Object, java.lang.Object, java.lang.Object, java.lang.Object, java.lang.Object, java.lang.Object, java.lang.Object, java.lang.Object, java.lang.Object, java.lang.Object, java.lang.Object, java.lang.Object, java.lang.Object, java.lang.Object, int, java.lang.Object)'> (0x000000008d268698)
Event: 22.260 Thread 0x000001e8930f2000 Exception <a 'java/lang/IncompatibleClassChangeError'{0x000000008d28ce18}: Found class java.lang.Object, but interface was expected> (0x000000008d28ce18) thrown at [./src/hotspot/share/interpreter/linkResolver.cpp, line 839]
Event: 22.260 Thread 0x000001e896ed8800 Exception <a 'java/lang/IncompatibleClassChangeError'{0x000000008d173260}: Found class java.lang.Object, but interface was expected> (0x000000008d173260) thrown at [./src/hotspot/share/interpreter/linkResolver.cpp, line 839]
Event: 22.261 Thread 0x000001e896ed9800 Exception <a 'java/lang/IncompatibleClassChangeError'{0x000000008d1b8188}: Found class java.lang.Object, but interface was expected> (0x000000008d1b8188) thrown at [./src/hotspot/share/interpreter/linkResolver.cpp, line 839]
Event: 22.301 Thread 0x000001e896ed9800 Exception <a 'java/lang/NoSuchMethodError'{0x000000008cf76e38}: 'long java.lang.invoke.DirectMethodHandle$Holder.invokeStatic(java.lang.Object, long, java.lang.Object)'> (0x000000008cf76e38) thrown at [./src/hotspot/share/interpreter/linkResolver.cpp, line 773]
Event: 22.405 Thread 0x000001e896ed9800 Exception <a 'java/lang/NoSuchMethodError'{0x000000008c247a40}: 'void java.lang.invoke.DirectMethodHandle$Holder.invokeStatic(java.lang.Object, java.lang.Object, java.lang.Object, int)'> (0x000000008c247a40) thrown at [./src/hotspot/share/interpreter/linkResolver.cpp, line 773]
Event: 22.407 Thread 0x000001e896ed9800 Exception <a 'java/lang/IncompatibleClassChangeError'{0x000000008c24f750}: Found class java.lang.Object, but interface was expected> (0x000000008c24f750) thrown at [./src/hotspot/share/interpreter/linkResolver.cpp, line 839]
Event: 22.407 Thread 0x000001e896ed3800 Exception <a 'java/lang/IncompatibleClassChangeError'{0x000000008c228c28}: Found class java.lang.Object, but interface was expected> (0x000000008c228c28) thrown at [./src/hotspot/share/interpreter/linkResolver.cpp, line 839]

Events (20 events):
Event: 22.428 loading class com/android/tools/r8/graph/W0$d
Event: 22.428 loading class com/android/tools/r8/graph/W0$d done
Event: 22.428 loading class com/android/tools/r8/graph/W0$c
Event: 22.428 loading class com/android/tools/r8/graph/W0$c done
Event: 22.428 loading class com/android/tools/r8/graph/W0$j
Event: 22.428 loading class com/android/tools/r8/graph/W0$j done
Event: 22.430 loading class com/android/tools/r8/graph/W0$b
Event: 22.430 loading class com/android/tools/r8/graph/W0$b done
Event: 22.430 loading class com/android/tools/r8/graph/W0$g
Event: 22.430 loading class com/android/tools/r8/graph/W0$g done
Event: 22.431 loading class com/android/tools/r8/shaking/l0
Event: 22.431 loading class com/android/tools/r8/shaking/l0 done
Event: 22.434 loading class com/android/tools/r8/graph/g0
Event: 22.434 loading class com/android/tools/r8/graph/g0 done
Event: 22.435 loading class com/android/tools/r8/internal/Pt
Event: 22.435 loading class com/android/tools/r8/internal/Pt done
Event: 22.435 loading class com/android/tools/r8/internal/tu
Event: 22.435 loading class com/android/tools/r8/internal/tu done
Event: 22.435 loading class com/android/tools/r8/internal/qu
Event: 22.435 loading class com/android/tools/r8/internal/qu done


Dynamic libraries:
0x00007ff71a840000 - 0x00007ff71a84a000 	C:\Program Files\Android\Android Studio\jre\bin\java.exe
0x00007ff9ba290000 - 0x00007ff9ba485000 	C:\WINDOWS\SYSTEM32\ntdll.dll
0x00007ff9b8f40000 - 0x00007ff9b8ffe000 	C:\WINDOWS\System32\KERNEL32.DLL
0x00007ff9b7bb0000 - 0x00007ff9b7e79000 	C:\WINDOWS\System32\KERNELBASE.dll
0x00007ff9b5320000 - 0x00007ff9b53b0000 	C:\WINDOWS\SYSTEM32\apphelp.dll
0x00007ff9b79b0000 - 0x00007ff9b7ab0000 	C:\WINDOWS\System32\ucrtbase.dll
0x00007ff9a3460000 - 0x00007ff9a347a000 	C:\WINDOWS\SYSTEM32\VCRUNTIME140.dll
0x00007ff9a5170000 - 0x00007ff9a5189000 	C:\Program Files\Android\Android Studio\jre\bin\jli.dll
0x00007ff9b9280000 - 0x00007ff9b9421000 	C:\WINDOWS\System32\USER32.dll
0x00007ff9b7f80000 - 0x00007ff9b7fa2000 	C:\WINDOWS\System32\win32u.dll
0x00007ff9a3600000 - 0x00007ff9a389a000 	C:\WINDOWS\WinSxS\amd64_microsoft.windows.common-controls_6595b64144ccf1df_6.0.19041.1110_none_60b5254171f9507e\COMCTL32.dll
0x00007ff9b9ea0000 - 0x00007ff9b9ecb000 	C:\WINDOWS\System32\GDI32.dll
0x00007ff9b8b20000 - 0x00007ff9b8bbe000 	C:\WINDOWS\System32\msvcrt.dll
0x00007ff9b7fb0000 - 0x00007ff9b80bb000 	C:\WINDOWS\System32\gdi32full.dll
0x00007ff9b7ee0000 - 0x00007ff9b7f7d000 	C:\WINDOWS\System32\msvcp_win.dll
0x00007ff9b82e0000 - 0x00007ff9b8310000 	C:\WINDOWS\System32\IMM32.DLL
0x00007ff9a5150000 - 0x00007ff9a5167000 	C:\Program Files\Android\Android Studio\jre\bin\vcruntime140.dll
0x00007ff9995b0000 - 0x00007ff99964d000 	C:\Program Files\Android\Android Studio\jre\bin\msvcp140.dll
0x00007ff96aad0000 - 0x00007ff96b59f000 	C:\Program Files\Android\Android Studio\jre\bin\server\jvm.dll
0x00007ff9b89e0000 - 0x00007ff9b8a8c000 	C:\WINDOWS\System32\ADVAPI32.dll
0x00007ff9b8310000 - 0x00007ff9b83ab000 	C:\WINDOWS\System32\sechost.dll
0x00007ff9b90e0000 - 0x00007ff9b920a000 	C:\WINDOWS\System32\RPCRT4.dll
0x00007ff9b8a90000 - 0x00007ff9b8a98000 	C:\WINDOWS\System32\PSAPI.DLL
0x00007ff99fb80000 - 0x00007ff99fb89000 	C:\WINDOWS\SYSTEM32\WSOCK32.dll
0x00007ff9ad680000 - 0x00007ff9ad6a7000 	C:\WINDOWS\SYSTEM32\WINMM.dll
0x00007ff9b0ab0000 - 0x00007ff9b0aba000 	C:\WINDOWS\SYSTEM32\VERSION.dll
0x00007ff9b9210000 - 0x00007ff9b927b000 	C:\WINDOWS\System32\WS2_32.dll
0x00007ff9b5780000 - 0x00007ff9b5792000 	C:\WINDOWS\SYSTEM32\kernel.appcore.dll
0x00007ff9b4af0000 - 0x00007ff9b4b01000 	C:\Program Files\Android\Android Studio\jre\bin\verify.dll
0x00007ff99bb20000 - 0x00007ff99bd04000 	C:\WINDOWS\SYSTEM32\DBGHELP.DLL
0x00007ff99b320000 - 0x00007ff99b34c000 	C:\WINDOWS\SYSTEM32\dbgcore.DLL
0x00007ff9b8250000 - 0x00007ff9b82d3000 	C:\WINDOWS\System32\bcryptPrimitives.dll
0x00007ff9a4ed0000 - 0x00007ff9a4ef9000 	C:\Program Files\Android\Android Studio\jre\bin\java.dll
0x00007ff9b4960000 - 0x00007ff9b496b000 	C:\Program Files\Android\Android Studio\jre\bin\jimage.dll
0x00007ff9a4eb0000 - 0x00007ff9a4ec8000 	C:\Program Files\Android\Android Studio\jre\bin\zip.dll
0x00007ff9b9430000 - 0x00007ff9b9b6f000 	C:\WINDOWS\System32\SHELL32.dll
0x00007ff9b5a90000 - 0x00007ff9b6220000 	C:\WINDOWS\SYSTEM32\windows.storage.dll
0x00007ff9b8bc0000 - 0x00007ff9b8f15000 	C:\WINDOWS\System32\combase.dll
0x00007ff9b7250000 - 0x00007ff9b727c000 	C:\WINDOWS\SYSTEM32\Wldp.dll
0x00007ff9b9df0000 - 0x00007ff9b9e9e000 	C:\WINDOWS\System32\SHCORE.dll
0x00007ff9b9ed0000 - 0x00007ff9b9f25000 	C:\WINDOWS\System32\shlwapi.dll
0x00007ff9b78f0000 - 0x00007ff9b790f000 	C:\WINDOWS\SYSTEM32\profapi.dll
0x00007ff9a4e90000 - 0x00007ff9a4eaa000 	C:\Program Files\Android\Android Studio\jre\bin\net.dll
0x00007ff9b06d0000 - 0x00007ff9b07d8000 	C:\WINDOWS\SYSTEM32\WINHTTP.dll
0x00007ff9b7030000 - 0x00007ff9b709a000 	C:\WINDOWS\system32\mswsock.dll
0x00007ff9a4da0000 - 0x00007ff9a4db4000 	C:\Program Files\Android\Android Studio\jre\bin\nio.dll
0x00007ff9a1ed0000 - 0x00007ff9a1ef7000 	C:\Users\Francisco\.gradle\native\8bec1ad78214c89d9ad589b4d07fe93259594b29d510b10fafb7a158f7737e5d\windows-amd64\native-platform.dll
0x00007ff99f860000 - 0x00007ff99f99d000 	C:\Users\Francisco\.gradle\native\53dbd7edfb1c66fb8903c78663c9afc45aea4f116125fa6feffd364cf09443e8\windows-amd64\native-platform-file-events.dll
0x00007ff9b4950000 - 0x00007ff9b495a000 	C:\Program Files\Android\Android Studio\jre\bin\management.dll
0x00007ff9b2cc0000 - 0x00007ff9b2ccc000 	C:\Program Files\Android\Android Studio\jre\bin\management_ext.dll
0x00007ff9b7290000 - 0x00007ff9b72a8000 	C:\WINDOWS\SYSTEM32\CRYPTSP.dll
0x00007ff9b69d0000 - 0x00007ff9b6a04000 	C:\WINDOWS\system32\rsaenh.dll
0x00007ff9b80c0000 - 0x00007ff9b80e7000 	C:\WINDOWS\System32\bcrypt.dll
0x00007ff9b78b0000 - 0x00007ff9b78de000 	C:\WINDOWS\SYSTEM32\USERENV.dll
0x00007ff9b71c0000 - 0x00007ff9b71cc000 	C:\WINDOWS\SYSTEM32\CRYPTBASE.dll
0x00007ff9b6d40000 - 0x00007ff9b6d7b000 	C:\WINDOWS\SYSTEM32\IPHLPAPI.DLL
0x00007ff9b8ab0000 - 0x00007ff9b8ab8000 	C:\WINDOWS\System32\NSI.dll
0x00007ff9b1740000 - 0x00007ff9b1757000 	C:\WINDOWS\SYSTEM32\dhcpcsvc6.DLL
0x00007ff9b1760000 - 0x00007ff9b177d000 	C:\WINDOWS\SYSTEM32\dhcpcsvc.DLL
0x00007ff9b6d90000 - 0x00007ff9b6e5c000 	C:\WINDOWS\SYSTEM32\DNSAPI.dll

dbghelp: loaded successfully - version: 4.0.5 - missing functions: none
symbol engine: initialized successfully - sym options: 0x614 - pdb path: .;C:\Program Files\Android\Android Studio\jre\bin;C:\WINDOWS\SYSTEM32;C:\WINDOWS\WinSxS\amd64_microsoft.windows.common-controls_6595b64144ccf1df_6.0.19041.1110_none_60b5254171f9507e;C:\Program Files\Android\Android Studio\jre\bin\server;C:\Users\Francisco\.gradle\native\8bec1ad78214c89d9ad589b4d07fe93259594b29d510b10fafb7a158f7737e5d\windows-amd64;C:\Users\Francisco\.gradle\native\53dbd7edfb1c66fb8903c78663c9afc45aea4f116125fa6feffd364cf09443e8\windows-amd64

VM Arguments:
jvm_args: --add-opens=java.base/java.util=ALL-UNNAMED --add-opens=java.base/java.lang=ALL-UNNAMED --add-opens=java.base/java.lang.invoke=ALL-UNNAMED --add-opens=java.base/java.util=ALL-UNNAMED --add-opens=java.prefs/java.util.prefs=ALL-UNNAMED --add-opens=java.prefs/java.util.prefs=ALL-UNNAMED --add-opens=java.base/java.nio.charset=ALL-UNNAMED --add-opens=java.base/java.net=ALL-UNNAMED --add-opens=java.base/java.util.concurrent.atomic=ALL-UNNAMED -Xmx2048m -Dfile.encoding=UTF-8 -Duser.country=PT -Duser.language=pt -Duser.variant 
java_command: org.gradle.launcher.daemon.bootstrap.GradleDaemon 7.0.2
java_class_path (initial): C:\Users\Francisco\.gradle\wrapper\dists\gradle-7.0.2-bin\857tjihv64xamwrf0h14cai3r\gradle-7.0.2\lib\gradle-launcher-7.0.2.jar
Launcher Type: SUN_STANDARD

[Global flags]
     intx CICompilerCount                          = 4                                         {product} {ergonomic}
     uint ConcGCThreads                            = 2                                         {product} {ergonomic}
     uint G1ConcRefinementThreads                  = 8                                         {product} {ergonomic}
   size_t G1HeapRegionSize                         = 1048576                                   {product} {ergonomic}
    uintx GCDrainStackTargetSize                   = 64                                        {product} {ergonomic}
   size_t InitialHeapSize                          = 268435456                                 {product} {ergonomic}
   size_t MarkStackSize                            = 4194304                                   {product} {ergonomic}
   size_t MaxHeapSize                              = 2147483648                                {product} {command line}
   size_t MaxNewSize                               = 1287651328                                {product} {ergonomic}
   size_t MinHeapDeltaBytes                        = 1048576                                   {product} {ergonomic}
    uintx NonNMethodCodeHeapSize                   = 5836300                                {pd product} {ergonomic}
    uintx NonProfiledCodeHeapSize                  = 122910970                              {pd product} {ergonomic}
    uintx ProfiledCodeHeapSize                     = 122910970                              {pd product} {ergonomic}
    uintx ReservedCodeCacheSize                    = 251658240                              {pd product} {ergonomic}
     bool SegmentedCodeCache                       = true                                      {product} {ergonomic}
     bool UseCompressedClassPointers               = true                                 {lp64_product} {ergonomic}
     bool UseCompressedOops                        = true                                 {lp64_product} {ergonomic}
     bool UseG1GC                                  = true                                      {product} {ergonomic}
     bool UseLargePagesIndividualAllocation        = false                                  {pd product} {ergonomic}

Logging:
Log output configuration:
 #0: stdout all=warning uptime,level,tags
 #1: stderr all=off uptime,level,tags

Environment Variables:
PATH=C:\Program Files\Mozilla Firefox;C:\Program Files (x86)\Common Files\Oracle\Java\javapath;C:\Windows\system32;C:\Users\Francisco\AppData\Local\Programs\Python\Python39;C:\Windows;C:\Windows\System32\Wbem;C:\Windows\System32\WindowsPowerShell\v1.0\;C:\Windows\System32\OpenSSH\;C:\Program Files (x86)\NVIDIA Corporation\PhysX\Common;C:\Program Files\Polyspace\R2020a\runtime\win64;C:\Program Files\Polyspace\R2020a\bin;C:\Program Files\MATLAB\R2018a\runtime\win64;C:\Program Files\MATLAB\R2018a\bin;C:\WINDOWS\system32;C:\WINDOWS;C:\WINDOWS\System32\Wbem;C:\WINDOWS\System32\WindowsPowerShell\v1.0\;C:\WINDOWS\System32\OpenSSH\;C:\Program Files\Polyspace\R2020a\polyspace\bin;C:\Program Files\Git\cmd;C:\Program Files (x86)\Windows Live\Shared;C:\Users\Francisco\AppData\Local\Microsoft\WindowsApps;C:\Users\Francisco\AppData\Local\Programs\Microsoft VS Code\bin;C:\Users\Francisco\AppData\Local\Programs\Python\Python39;C:\Users\Francisco\AppData\Local\Programs\Python\Python39\Scripts;
USERNAME=Francisco
OS=Windows_NT
PROCESSOR_IDENTIFIER=Intel64 Family 6 Model 58 Stepping 9, GenuineIntel



---------------  S Y S T E M  ---------------

OS: Windows 10 , 64 bit Build 19041 (10.0.19041.1202)
OS uptime: 0 days 3:39 hours
Hyper-V role detected

CPU:total 8 (initial active 8) (4 cores per cpu, 2 threads per core) family 6 model 58 stepping 9 microcode 0x21, cmov, cx8, fxsr, mmx, sse, sse2, sse3, ssse3, sse4.1, sse4.2, popcnt, avx, aes, clmul, erms, ht, tsc, tscinvbit, tscinv

Memory: 4k page, system-wide physical 16341M (8017M free)
TotalPageFile size 18773M (AvailPageFile size 7325M)
current process WorkingSet (physical memory assigned to process): 564M, peak: 564M
current process commit charge ("private bytes"): 600M, peak: 600M

vm_info: OpenJDK 64-Bit Server VM (11.0.10+0-b96-7249189) for windows-amd64 JRE (11.0.10+0-b96-7249189), built on Mar 31 2021 21:44:00 by "builder" with MS VC++ 14.0 (VS2015)

END.
